<?xml version="1.0" encoding="UTF-8"?>
<testsuite xmlns:xsi="http://www.w3.org/2001/XMLSchema-instance" xsi:noNamespaceSchemaLocation="https://maven.apache.org/surefire/maven-surefire-plugin/xsd/surefire-test-report.xsd" name="com.epam.rd.autotasks.DecrementingCarouselRunRandomTest" time="0.239" tests="36" errors="0" skipped="0" failures="0">
  <properties>
[...]
</properties>
  <testcase name="testCarouselRunWhileNotNegative{String, int}[1]" classname="com.epam.rd.autotasks.DecrementingCarouselRunRandomTest" time="0.05"/>
  <testcase name="testCarouselRunWhileNotNegative{String, int}[2]" classname="com.epam.rd.autotasks.DecrementingCarouselRunRandomTest" time="0"/>
  <testcase name="testCarouselRunWhileNotNegative{String, int}[3]" classname="com.epam.rd.autotasks.DecrementingCarouselRunRandomTest" time="0.01"/>
  <testcase name="testCarouselRunWhileNotNegative{String, int}[4]" classname="com.epam.rd.autotasks.DecrementingCarouselRunRandomTest" time="0"/>
  <testcase name="testCarouselRunWhileNotNegative{String, int}[5]" classname="com.epam.rd.autotasks.DecrementingCarouselRunRandomTest" time="0"/>
  <testcase name="testCarouselRunWhileNotNegative{String, int}[6]" classname="com.epam.rd.autotasks.DecrementingCarouselRunRandomTest" time="0"/>
  <testcase name="testCarouselRunWhileNotNegative{String, int}[7]" classname="com.epam.rd.autotasks.DecrementingCarouselRunRandomTest" time="0"/>
  <testcase name="testCarouselRunWhileNotNegative{String, int}[8]" classname="com.epam.rd.autotasks.DecrementingCarouselRunRandomTest" time="0.01"/>
  <testcase name="testCarouselRunWhileNotNegative{String, int}[9]" classname="com.epam.rd.autotasks.DecrementingCarouselRunRandomTest" time="0.005"/>
  <testcase name="testCarouselRunWhileNotNegative{String, int}[10]" classname="com.epam.rd.autotasks.DecrementingCarouselRunRandomTest" time="0"/>
  <testcase name="testCarouselRunWhileNotNegative{String, int}[11]" classname="com.epam.rd.autotasks.DecrementingCarouselRunRandomTest" time="0"/>
  <testcase name="testCarouselRunWhileNotNegative{String, int}[12]" classname="com.epam.rd.autotasks.DecrementingCarouselRunRandomTest" time="0"/>
  <testcase name="testCarouselRunWhileNotNegative{String, int}[13]" classname="com.epam.rd.autotasks.DecrementingCarouselRunRandomTest" time="0.01"/>
  <testcase name="testCarouselRunWhileNotNegative{String, int}[14]" classname="com.epam.rd.autotasks.DecrementingCarouselRunRandomTest" time="0.005"/>
  <testcase name="testCarouselRunWhileNotNegative{String, int}[15]" classname="com.epam.rd.autotasks.DecrementingCarouselRunRandomTest" time="0.005"/>
  <testcase name="testCarouselRunWhileNotNegative{String, int}[16]" classname="com.epam.rd.autotasks.DecrementingCarouselRunRandomTest" time="0"/>
  <testcase name="testCarouselRunWhileNotNegative{String, int}[17]" classname="com.epam.rd.autotasks.DecrementingCarouselRunRandomTest" time="0.011"/>
  <testcase name="testCarouselRunWhileNotNegative{String, int}[18]" classname="com.epam.rd.autotasks.DecrementingCarouselRunRandomTest" time="0"/>
  <testcase name="testCarouselRunWhileNotFinished{String, int}[1]" classname="com.epam.rd.autotasks.DecrementingCarouselRunRandomTest" time="0.005"/>
  <testcase name="testCarouselRunWhileNotFinished{String, int}[2]" classname="com.epam.rd.autotasks.DecrementingCarouselRunRandomTest" time="0"/>
  <testcase name="testCarouselRunWhileNotFinished{String, int}[3]" classname="com.epam.rd.autotasks.DecrementingCarouselRunRandomTest" time="0.005"/>
  <testcase name="testCarouselRunWhileNotFinished{String, int}[4]" classname="com.epam.rd.autotasks.DecrementingCarouselRunRandomTest" time="0"/>
  <testcase name="testCarouselRunWhileNotFinished{String, int}[5]" classname="com.epam.rd.autotasks.DecrementingCarouselRunRandomTest" time="0"/>
  <testcase name="testCarouselRunWhileNotFinished{String, int}[6]" classname="com.epam.rd.autotasks.DecrementingCarouselRunRandomTest" time="0"/>
  <testcase name="testCarouselRunWhileNotFinished{String, int}[7]" classname="com.epam.rd.autotasks.DecrementingCarouselRunRandomTest" time="0.009"/>
  <testcase name="testCarouselRunWhileNotFinished{String, int}[8]" classname="com.epam.rd.autotasks.DecrementingCarouselRunRandomTest" time="0.005"/>
  <testcase name="testCarouselRunWhileNotFinished{String, int}[9]" classname="com.epam.rd.autotasks.DecrementingCarouselRunRandomTest" time="0.005"/>
  <testcase name="testCarouselRunWhileNotFinished{String, int}[10]" classname="com.epam.rd.autotasks.DecrementingCarouselRunRandomTest" time="0"/>
  <testcase name="testCarouselRunWhileNotFinished{String, int}[11]" classname="com.epam.rd.autotasks.DecrementingCarouselRunRandomTest" time="0"/>
  <testcase name="testCarouselRunWhileNotFinished{String, int}[12]" classname="com.epam.rd.autotasks.DecrementingCarouselRunRandomTest" time="0.005"/>
  <testcase name="testCarouselRunWhileNotFinished{String, int}[13]" classname="com.epam.rd.autotasks.DecrementingCarouselRunRandomTest" time="0"/>
  <testcase name="testCarouselRunWhileNotFinished{String, int}[14]" classname="com.epam.rd.autotasks.DecrementingCarouselRunRandomTest" time="0"/>
  <testcase name="testCarouselRunWhileNotFinished{String, int}[15]" classname="com.epam.rd.autotasks.DecrementingCarouselRunRandomTest" time="0"/>
  <testcase name="testCarouselRunWhileNotFinished{String, int}[16]" classname="com.epam.rd.autotasks.DecrementingCarouselRunRandomTest" time="0"/>
  <testcase name="testCarouselRunWhileNotFinished{String, int}[17]" classname="com.epam.rd.autotasks.DecrementingCarouselRunRandomTest" time="0"/>
  <testcase name="testCarouselRunWhileNotFinished{String, int}[18]" classname="com.epam.rd.autotasks.DecrementingCarouselRunRandomTest" time="0.01"/>
</testsuite>