<?xml version="1.0" encoding="UTF-8"?>
<testsuite xmlns:xsi="http://www.w3.org/2001/XMLSchema-instance" xsi:noNamespaceSchemaLocation="https://maven.apache.org/surefire/maven-surefire-plugin/xsd/surefire-test-report.xsd" name="com.epam.rd.autotasks.figures.QuadrilateralTest" time="1.678" tests="1025" errors="0" skipped="0" failures="0">
  <properties>
[...]
</properties>
  <testcase name="testLeftmost{Quadrilateral, double}[1]" classname="com.epam.rd.autotasks.figures.QuadrilateralTest" time="0"/>
  <testcase name="testLeftmost{Quadrilateral, double}[2]" classname="com.epam.rd.autotasks.figures.QuadrilateralTest" time="0"/>
  <testcase name="testLeftmost{Quadrilateral, double}[3]" classname="com.epam.rd.autotasks.figures.QuadrilateralTest" time="0.016"/>
  <testcase name="testLeftmost{Quadrilateral, double}[4]" classname="com.epam.rd.autotasks.figures.QuadrilateralTest" time="0"/>
  <testcase name="testLeftmost{Quadrilateral, double}[5]" classname="com.epam.rd.autotasks.figures.QuadrilateralTest" time="0"/>
  <testcase name="testLeftmost{Quadrilateral, double}[6]" classname="com.epam.rd.autotasks.figures.QuadrilateralTest" time="0"/>
  <testcase name="testLeftmost{Quadrilateral, double}[7]" classname="com.epam.rd.autotasks.figures.QuadrilateralTest" time="0.015"/>
  <testcase name="testLeftmost{Quadrilateral, double}[8]" classname="com.epam.rd.autotasks.figures.QuadrilateralTest" time="0"/>
  <testcase name="testLeftmost{Quadrilateral, double}[9]" classname="com.epam.rd.autotasks.figures.QuadrilateralTest" time="0"/>
  <testcase name="testLeftmost{Quadrilateral, double}[10]" classname="com.epam.rd.autotasks.figures.QuadrilateralTest" time="0"/>
  <testcase name="testLeftmost{Quadrilateral, double}[11]" classname="com.epam.rd.autotasks.figures.QuadrilateralTest" time="0"/>
  <testcase name="testLeftmost{Quadrilateral, double}[12]" classname="com.epam.rd.autotasks.figures.QuadrilateralTest" time="0.016"/>
  <testcase name="testLeftmost{Quadrilateral, double}[13]" classname="com.epam.rd.autotasks.figures.QuadrilateralTest" time="0"/>
  <testcase name="testLeftmost{Quadrilateral, double}[14]" classname="com.epam.rd.autotasks.figures.QuadrilateralTest" time="0"/>
  <testcase name="testLeftmost{Quadrilateral, double}[15]" classname="com.epam.rd.autotasks.figures.QuadrilateralTest" time="0"/>
  <testcase name="testLeftmost{Quadrilateral, double}[16]" classname="com.epam.rd.autotasks.figures.QuadrilateralTest" time="0"/>
  <testcase name="testLeftmost{Quadrilateral, double}[17]" classname="com.epam.rd.autotasks.figures.QuadrilateralTest" time="0"/>
  <testcase name="testLeftmost{Quadrilateral, double}[18]" classname="com.epam.rd.autotasks.figures.QuadrilateralTest" time="0"/>
  <testcase name="testLeftmost{Quadrilateral, double}[19]" classname="com.epam.rd.autotasks.figures.QuadrilateralTest" time="0"/>
  <testcase name="testLeftmost{Quadrilateral, double}[20]" classname="com.epam.rd.autotasks.figures.QuadrilateralTest" time="0"/>
  <testcase name="testLeftmost{Quadrilateral, double}[21]" classname="com.epam.rd.autotasks.figures.QuadrilateralTest" time="0"/>
  <testcase name="testLeftmost{Quadrilateral, double}[22]" classname="com.epam.rd.autotasks.figures.QuadrilateralTest" time="0"/>
  <testcase name="testLeftmost{Quadrilateral, double}[23]" classname="com.epam.rd.autotasks.figures.QuadrilateralTest" time="0"/>
  <testcase name="testLeftmost{Quadrilateral, double}[24]" classname="com.epam.rd.autotasks.figures.QuadrilateralTest" time="0"/>
  <testcase name="testLeftmost{Quadrilateral, double}[25]" classname="com.epam.rd.autotasks.figures.QuadrilateralTest" time="0"/>
  <testcase name="testLeftmost{Quadrilateral, double}[26]" classname="com.epam.rd.autotasks.figures.QuadrilateralTest" time="0"/>
  <testcase name="testLeftmost{Quadrilateral, double}[27]" classname="com.epam.rd.autotasks.figures.QuadrilateralTest" time="0"/>
  <testcase name="testLeftmost{Quadrilateral, double}[28]" classname="com.epam.rd.autotasks.figures.QuadrilateralTest" time="0.015"/>
  <testcase name="testLeftmost{Quadrilateral, double}[29]" classname="com.epam.rd.autotasks.figures.QuadrilateralTest" time="0"/>
  <testcase name="testLeftmost{Quadrilateral, double}[30]" classname="com.epam.rd.autotasks.figures.QuadrilateralTest" time="0"/>
  <testcase name="testLeftmost{Quadrilateral, double}[31]" classname="com.epam.rd.autotasks.figures.QuadrilateralTest" time="0"/>
  <testcase name="testLeftmost{Quadrilateral, double}[32]" classname="com.epam.rd.autotasks.figures.QuadrilateralTest" time="0"/>
  <testcase name="testLeftmost{Quadrilateral, double}[33]" classname="com.epam.rd.autotasks.figures.QuadrilateralTest" time="0"/>
  <testcase name="testLeftmost{Quadrilateral, double}[34]" classname="com.epam.rd.autotasks.figures.QuadrilateralTest" time="0"/>
  <testcase name="testLeftmost{Quadrilateral, double}[35]" classname="com.epam.rd.autotasks.figures.QuadrilateralTest" time="0"/>
  <testcase name="testLeftmost{Quadrilateral, double}[36]" classname="com.epam.rd.autotasks.figures.QuadrilateralTest" time="0"/>
  <testcase name="testLeftmost{Quadrilateral, double}[37]" classname="com.epam.rd.autotasks.figures.QuadrilateralTest" time="0"/>
  <testcase name="testLeftmost{Quadrilateral, double}[38]" classname="com.epam.rd.autotasks.figures.QuadrilateralTest" time="0"/>
  <testcase name="testLeftmost{Quadrilateral, double}[39]" classname="com.epam.rd.autotasks.figures.QuadrilateralTest" time="0"/>
  <testcase name="testLeftmost{Quadrilateral, double}[40]" classname="com.epam.rd.autotasks.figures.QuadrilateralTest" time="0"/>
  <testcase name="testLeftmost{Quadrilateral, double}[41]" classname="com.epam.rd.autotasks.figures.QuadrilateralTest" time="0"/>
  <testcase name="testLeftmost{Quadrilateral, double}[42]" classname="com.epam.rd.autotasks.figures.QuadrilateralTest" time="0"/>
  <testcase name="testLeftmost{Quadrilateral, double}[43]" classname="com.epam.rd.autotasks.figures.QuadrilateralTest" time="0"/>
  <testcase name="testLeftmost{Quadrilateral, double}[44]" classname="com.epam.rd.autotasks.figures.QuadrilateralTest" time="0"/>
  <testcase name="testLeftmost{Quadrilateral, double}[45]" classname="com.epam.rd.autotasks.figures.QuadrilateralTest" time="0.016"/>
  <testcase name="testLeftmost{Quadrilateral, double}[46]" classname="com.epam.rd.autotasks.figures.QuadrilateralTest" time="0"/>
  <testcase name="testLeftmost{Quadrilateral, double}[47]" classname="com.epam.rd.autotasks.figures.QuadrilateralTest" time="0"/>
  <testcase name="testLeftmost{Quadrilateral, double}[48]" classname="com.epam.rd.autotasks.figures.QuadrilateralTest" time="0"/>
  <testcase name="testLeftmost{Quadrilateral, double}[49]" classname="com.epam.rd.autotasks.figures.QuadrilateralTest" time="0"/>
  <testcase name="testLeftmost{Quadrilateral, double}[50]" classname="com.epam.rd.autotasks.figures.QuadrilateralTest" time="0"/>
  <testcase name="testLeftmost{Quadrilateral, double}[51]" classname="com.epam.rd.autotasks.figures.QuadrilateralTest" time="0"/>
  <testcase name="testLeftmost{Quadrilateral, double}[52]" classname="com.epam.rd.autotasks.figures.QuadrilateralTest" time="0"/>
  <testcase name="testLeftmost{Quadrilateral, double}[53]" classname="com.epam.rd.autotasks.figures.QuadrilateralTest" time="0"/>
  <testcase name="testLeftmost{Quadrilateral, double}[54]" classname="com.epam.rd.autotasks.figures.QuadrilateralTest" time="0.006"/>
  <testcase name="testLeftmost{Quadrilateral, double}[55]" classname="com.epam.rd.autotasks.figures.QuadrilateralTest" time="0"/>
  <testcase name="testLeftmost{Quadrilateral, double}[56]" classname="com.epam.rd.autotasks.figures.QuadrilateralTest" time="0"/>
  <testcase name="testLeftmost{Quadrilateral, double}[57]" classname="com.epam.rd.autotasks.figures.QuadrilateralTest" time="0"/>
  <testcase name="testLeftmost{Quadrilateral, double}[58]" classname="com.epam.rd.autotasks.figures.QuadrilateralTest" time="0"/>
  <testcase name="testLeftmost{Quadrilateral, double}[59]" classname="com.epam.rd.autotasks.figures.QuadrilateralTest" time="0"/>
  <testcase name="testLeftmost{Quadrilateral, double}[60]" classname="com.epam.rd.autotasks.figures.QuadrilateralTest" time="0"/>
  <testcase name="testLeftmost{Quadrilateral, double}[61]" classname="com.epam.rd.autotasks.figures.QuadrilateralTest" time="0"/>
  <testcase name="testLeftmost{Quadrilateral, double}[62]" classname="com.epam.rd.autotasks.figures.QuadrilateralTest" time="0"/>
  <testcase name="testLeftmost{Quadrilateral, double}[63]" classname="com.epam.rd.autotasks.figures.QuadrilateralTest" time="0"/>
  <testcase name="testLeftmost{Quadrilateral, double}[64]" classname="com.epam.rd.autotasks.figures.QuadrilateralTest" time="0.016"/>
  <testcase name="testLeftmost{Quadrilateral, double}[65]" classname="com.epam.rd.autotasks.figures.QuadrilateralTest" time="0"/>
  <testcase name="testLeftmost{Quadrilateral, double}[66]" classname="com.epam.rd.autotasks.figures.QuadrilateralTest" time="0"/>
  <testcase name="testLeftmost{Quadrilateral, double}[67]" classname="com.epam.rd.autotasks.figures.QuadrilateralTest" time="0"/>
  <testcase name="testLeftmost{Quadrilateral, double}[68]" classname="com.epam.rd.autotasks.figures.QuadrilateralTest" time="0"/>
  <testcase name="testLeftmost{Quadrilateral, double}[69]" classname="com.epam.rd.autotasks.figures.QuadrilateralTest" time="0"/>
  <testcase name="testLeftmost{Quadrilateral, double}[70]" classname="com.epam.rd.autotasks.figures.QuadrilateralTest" time="0"/>
  <testcase name="testLeftmost{Quadrilateral, double}[71]" classname="com.epam.rd.autotasks.figures.QuadrilateralTest" time="0"/>
  <testcase name="testLeftmost{Quadrilateral, double}[72]" classname="com.epam.rd.autotasks.figures.QuadrilateralTest" time="0"/>
  <testcase name="testLeftmost{Quadrilateral, double}[73]" classname="com.epam.rd.autotasks.figures.QuadrilateralTest" time="0"/>
  <testcase name="testLeftmost{Quadrilateral, double}[74]" classname="com.epam.rd.autotasks.figures.QuadrilateralTest" time="0"/>
  <testcase name="testLeftmost{Quadrilateral, double}[75]" classname="com.epam.rd.autotasks.figures.QuadrilateralTest" time="0"/>
  <testcase name="testLeftmost{Quadrilateral, double}[76]" classname="com.epam.rd.autotasks.figures.QuadrilateralTest" time="0"/>
  <testcase name="testLeftmost{Quadrilateral, double}[77]" classname="com.epam.rd.autotasks.figures.QuadrilateralTest" time="0.009"/>
  <testcase name="testLeftmost{Quadrilateral, double}[78]" classname="com.epam.rd.autotasks.figures.QuadrilateralTest" time="0.01"/>
  <testcase name="testLeftmost{Quadrilateral, double}[79]" classname="com.epam.rd.autotasks.figures.QuadrilateralTest" time="0"/>
  <testcase name="testLeftmost{Quadrilateral, double}[80]" classname="com.epam.rd.autotasks.figures.QuadrilateralTest" time="0.008"/>
  <testcase name="testLeftmost{Quadrilateral, double}[81]" classname="com.epam.rd.autotasks.figures.QuadrilateralTest" time="0"/>
  <testcase name="testLeftmost{Quadrilateral, double}[82]" classname="com.epam.rd.autotasks.figures.QuadrilateralTest" time="0"/>
  <testcase name="testLeftmost{Quadrilateral, double}[83]" classname="com.epam.rd.autotasks.figures.QuadrilateralTest" time="0.008"/>
  <testcase name="testLeftmost{Quadrilateral, double}[84]" classname="com.epam.rd.autotasks.figures.QuadrilateralTest" time="0"/>
  <testcase name="testLeftmost{Quadrilateral, double}[85]" classname="com.epam.rd.autotasks.figures.QuadrilateralTest" time="0"/>
  <testcase name="testLeftmost{Quadrilateral, double}[86]" classname="com.epam.rd.autotasks.figures.QuadrilateralTest" time="0"/>
  <testcase name="testLeftmost{Quadrilateral, double}[87]" classname="com.epam.rd.autotasks.figures.QuadrilateralTest" time="0"/>
  <testcase name="testLeftmost{Quadrilateral, double}[88]" classname="com.epam.rd.autotasks.figures.QuadrilateralTest" time="0"/>
  <testcase name="testLeftmost{Quadrilateral, double}[89]" classname="com.epam.rd.autotasks.figures.QuadrilateralTest" time="0"/>
  <testcase name="testLeftmost{Quadrilateral, double}[90]" classname="com.epam.rd.autotasks.figures.QuadrilateralTest" time="0"/>
  <testcase name="testLeftmost{Quadrilateral, double}[91]" classname="com.epam.rd.autotasks.figures.QuadrilateralTest" time="0"/>
  <testcase name="testLeftmost{Quadrilateral, double}[92]" classname="com.epam.rd.autotasks.figures.QuadrilateralTest" time="0.002"/>
  <testcase name="testLeftmost{Quadrilateral, double}[93]" classname="com.epam.rd.autotasks.figures.QuadrilateralTest" time="0"/>
  <testcase name="testLeftmost{Quadrilateral, double}[94]" classname="com.epam.rd.autotasks.figures.QuadrilateralTest" time="0.002"/>
  <testcase name="testLeftmost{Quadrilateral, double}[95]" classname="com.epam.rd.autotasks.figures.QuadrilateralTest" time="0"/>
  <testcase name="testLeftmost{Quadrilateral, double}[96]" classname="com.epam.rd.autotasks.figures.QuadrilateralTest" time="0.008"/>
  <testcase name="testLeftmost{Quadrilateral, double}[97]" classname="com.epam.rd.autotasks.figures.QuadrilateralTest" time="0.002"/>
  <testcase name="testLeftmost{Quadrilateral, double}[98]" classname="com.epam.rd.autotasks.figures.QuadrilateralTest" time="0"/>
  <testcase name="testLeftmost{Quadrilateral, double}[99]" classname="com.epam.rd.autotasks.figures.QuadrilateralTest" time="0"/>
  <testcase name="testLeftmost{Quadrilateral, double}[100]" classname="com.epam.rd.autotasks.figures.QuadrilateralTest" time="0"/>
  <testcase name="testLeftmost{Quadrilateral, double}[101]" classname="com.epam.rd.autotasks.figures.QuadrilateralTest" time="0"/>
  <testcase name="testLeftmost{Quadrilateral, double}[102]" classname="com.epam.rd.autotasks.figures.QuadrilateralTest" time="0.01"/>
  <testcase name="testLeftmost{Quadrilateral, double}[103]" classname="com.epam.rd.autotasks.figures.QuadrilateralTest" time="0"/>
  <testcase name="testLeftmost{Quadrilateral, double}[104]" classname="com.epam.rd.autotasks.figures.QuadrilateralTest" time="0"/>
  <testcase name="testLeftmost{Quadrilateral, double}[105]" classname="com.epam.rd.autotasks.figures.QuadrilateralTest" time="0"/>
  <testcase name="testLeftmost{Quadrilateral, double}[106]" classname="com.epam.rd.autotasks.figures.QuadrilateralTest" time="0.008"/>
  <testcase name="testLeftmost{Quadrilateral, double}[107]" classname="com.epam.rd.autotasks.figures.QuadrilateralTest" time="0"/>
  <testcase name="testLeftmost{Quadrilateral, double}[108]" classname="com.epam.rd.autotasks.figures.QuadrilateralTest" time="0"/>
  <testcase name="testLeftmost{Quadrilateral, double}[109]" classname="com.epam.rd.autotasks.figures.QuadrilateralTest" time="0"/>
  <testcase name="testLeftmost{Quadrilateral, double}[110]" classname="com.epam.rd.autotasks.figures.QuadrilateralTest" time="0"/>
  <testcase name="testLeftmost{Quadrilateral, double}[111]" classname="com.epam.rd.autotasks.figures.QuadrilateralTest" time="0.008"/>
  <testcase name="testLeftmost{Quadrilateral, double}[112]" classname="com.epam.rd.autotasks.figures.QuadrilateralTest" time="0"/>
  <testcase name="testLeftmost{Quadrilateral, double}[113]" classname="com.epam.rd.autotasks.figures.QuadrilateralTest" time="0"/>
  <testcase name="testLeftmost{Quadrilateral, double}[114]" classname="com.epam.rd.autotasks.figures.QuadrilateralTest" time="0.008"/>
  <testcase name="testLeftmost{Quadrilateral, double}[115]" classname="com.epam.rd.autotasks.figures.QuadrilateralTest" time="0"/>
  <testcase name="testLeftmost{Quadrilateral, double}[116]" classname="com.epam.rd.autotasks.figures.QuadrilateralTest" time="0"/>
  <testcase name="testLeftmost{Quadrilateral, double}[117]" classname="com.epam.rd.autotasks.figures.QuadrilateralTest" time="0"/>
  <testcase name="testLeftmost{Quadrilateral, double}[118]" classname="com.epam.rd.autotasks.figures.QuadrilateralTest" time="0.002"/>
  <testcase name="testLeftmost{Quadrilateral, double}[119]" classname="com.epam.rd.autotasks.figures.QuadrilateralTest" time="0"/>
  <testcase name="testLeftmost{Quadrilateral, double}[120]" classname="com.epam.rd.autotasks.figures.QuadrilateralTest" time="0"/>
  <testcase name="testLeftmost{Quadrilateral, double}[121]" classname="com.epam.rd.autotasks.figures.QuadrilateralTest" time="0"/>
  <testcase name="testLeftmost{Quadrilateral, double}[122]" classname="com.epam.rd.autotasks.figures.QuadrilateralTest" time="0"/>
  <testcase name="testLeftmost{Quadrilateral, double}[123]" classname="com.epam.rd.autotasks.figures.QuadrilateralTest" time="0"/>
  <testcase name="testLeftmost{Quadrilateral, double}[124]" classname="com.epam.rd.autotasks.figures.QuadrilateralTest" time="0"/>
  <testcase name="testLeftmost{Quadrilateral, double}[125]" classname="com.epam.rd.autotasks.figures.QuadrilateralTest" time="0"/>
  <testcase name="testLeftmost{Quadrilateral, double}[126]" classname="com.epam.rd.autotasks.figures.QuadrilateralTest" time="0"/>
  <testcase name="testLeftmost{Quadrilateral, double}[127]" classname="com.epam.rd.autotasks.figures.QuadrilateralTest" time="0"/>
  <testcase name="testLeftmost{Quadrilateral, double}[128]" classname="com.epam.rd.autotasks.figures.QuadrilateralTest" time="0"/>
  <testcase name="testLeftmost{Quadrilateral, double}[129]" classname="com.epam.rd.autotasks.figures.QuadrilateralTest" time="0.008"/>
  <testcase name="testLeftmost{Quadrilateral, double}[130]" classname="com.epam.rd.autotasks.figures.QuadrilateralTest" time="0"/>
  <testcase name="testLeftmost{Quadrilateral, double}[131]" classname="com.epam.rd.autotasks.figures.QuadrilateralTest" time="0.002"/>
  <testcase name="testLeftmost{Quadrilateral, double}[132]" classname="com.epam.rd.autotasks.figures.QuadrilateralTest" time="0"/>
  <testcase name="testLeftmost{Quadrilateral, double}[133]" classname="com.epam.rd.autotasks.figures.QuadrilateralTest" time="0.008"/>
  <testcase name="testLeftmost{Quadrilateral, double}[134]" classname="com.epam.rd.autotasks.figures.QuadrilateralTest" time="0"/>
  <testcase name="testLeftmost{Quadrilateral, double}[135]" classname="com.epam.rd.autotasks.figures.QuadrilateralTest" time="0"/>
  <testcase name="testLeftmost{Quadrilateral, double}[136]" classname="com.epam.rd.autotasks.figures.QuadrilateralTest" time="0"/>
  <testcase name="testLeftmost{Quadrilateral, double}[137]" classname="com.epam.rd.autotasks.figures.QuadrilateralTest" time="0"/>
  <testcase name="testLeftmost{Quadrilateral, double}[138]" classname="com.epam.rd.autotasks.figures.QuadrilateralTest" time="0"/>
  <testcase name="testLeftmost{Quadrilateral, double}[139]" classname="com.epam.rd.autotasks.figures.QuadrilateralTest" time="0"/>
  <testcase name="testLeftmost{Quadrilateral, double}[140]" classname="com.epam.rd.autotasks.figures.QuadrilateralTest" time="0"/>
  <testcase name="testLeftmost{Quadrilateral, double}[141]" classname="com.epam.rd.autotasks.figures.QuadrilateralTest" time="0"/>
  <testcase name="testLeftmost{Quadrilateral, double}[142]" classname="com.epam.rd.autotasks.figures.QuadrilateralTest" time="0.008"/>
  <testcase name="testLeftmost{Quadrilateral, double}[143]" classname="com.epam.rd.autotasks.figures.QuadrilateralTest" time="0"/>
  <testcase name="testLeftmost{Quadrilateral, double}[144]" classname="com.epam.rd.autotasks.figures.QuadrilateralTest" time="0"/>
  <testcase name="testLeftmost{Quadrilateral, double}[145]" classname="com.epam.rd.autotasks.figures.QuadrilateralTest" time="0.002"/>
  <testcase name="testLeftmost{Quadrilateral, double}[146]" classname="com.epam.rd.autotasks.figures.QuadrilateralTest" time="0.008"/>
  <testcase name="testLeftmost{Quadrilateral, double}[147]" classname="com.epam.rd.autotasks.figures.QuadrilateralTest" time="0.002"/>
  <testcase name="testLeftmost{Quadrilateral, double}[148]" classname="com.epam.rd.autotasks.figures.QuadrilateralTest" time="0"/>
  <testcase name="testLeftmost{Quadrilateral, double}[149]" classname="com.epam.rd.autotasks.figures.QuadrilateralTest" time="0.008"/>
  <testcase name="testLeftmost{Quadrilateral, double}[150]" classname="com.epam.rd.autotasks.figures.QuadrilateralTest" time="0"/>
  <testcase name="testLeftmost{Quadrilateral, double}[151]" classname="com.epam.rd.autotasks.figures.QuadrilateralTest" time="0"/>
  <testcase name="testLeftmost{Quadrilateral, double}[152]" classname="com.epam.rd.autotasks.figures.QuadrilateralTest" time="0"/>
  <testcase name="testLeftmost{Quadrilateral, double}[153]" classname="com.epam.rd.autotasks.figures.QuadrilateralTest" time="0.002"/>
  <testcase name="testLeftmost{Quadrilateral, double}[154]" classname="com.epam.rd.autotasks.figures.QuadrilateralTest" time="0"/>
  <testcase name="testLeftmost{Quadrilateral, double}[155]" classname="com.epam.rd.autotasks.figures.QuadrilateralTest" time="0"/>
  <testcase name="testLeftmost{Quadrilateral, double}[156]" classname="com.epam.rd.autotasks.figures.QuadrilateralTest" time="0.008"/>
  <testcase name="testLeftmost{Quadrilateral, double}[157]" classname="com.epam.rd.autotasks.figures.QuadrilateralTest" time="0.002"/>
  <testcase name="testLeftmost{Quadrilateral, double}[158]" classname="com.epam.rd.autotasks.figures.QuadrilateralTest" time="0"/>
  <testcase name="testLeftmost{Quadrilateral, double}[159]" classname="com.epam.rd.autotasks.figures.QuadrilateralTest" time="0"/>
  <testcase name="testLeftmost{Quadrilateral, double}[160]" classname="com.epam.rd.autotasks.figures.QuadrilateralTest" time="0"/>
  <testcase name="testLeftmost{Quadrilateral, double}[161]" classname="com.epam.rd.autotasks.figures.QuadrilateralTest" time="0"/>
  <testcase name="testLeftmost{Quadrilateral, double}[162]" classname="com.epam.rd.autotasks.figures.QuadrilateralTest" time="0"/>
  <testcase name="testLeftmost{Quadrilateral, double}[163]" classname="com.epam.rd.autotasks.figures.QuadrilateralTest" time="0"/>
  <testcase name="testLeftmost{Quadrilateral, double}[164]" classname="com.epam.rd.autotasks.figures.QuadrilateralTest" time="0"/>
  <testcase name="testLeftmost{Quadrilateral, double}[165]" classname="com.epam.rd.autotasks.figures.QuadrilateralTest" time="0"/>
  <testcase name="testLeftmost{Quadrilateral, double}[166]" classname="com.epam.rd.autotasks.figures.QuadrilateralTest" time="0"/>
  <testcase name="testLeftmost{Quadrilateral, double}[167]" classname="com.epam.rd.autotasks.figures.QuadrilateralTest" time="0.008"/>
  <testcase name="testLeftmost{Quadrilateral, double}[168]" classname="com.epam.rd.autotasks.figures.QuadrilateralTest" time="0"/>
  <testcase name="testLeftmost{Quadrilateral, double}[169]" classname="com.epam.rd.autotasks.figures.QuadrilateralTest" time="0.02"/>
  <testcase name="testLeftmost{Quadrilateral, double}[170]" classname="com.epam.rd.autotasks.figures.QuadrilateralTest" time="0.002"/>
  <testcase name="testLeftmost{Quadrilateral, double}[171]" classname="com.epam.rd.autotasks.figures.QuadrilateralTest" time="0.008"/>
  <testcase name="testLeftmost{Quadrilateral, double}[172]" classname="com.epam.rd.autotasks.figures.QuadrilateralTest" time="0.002"/>
  <testcase name="testLeftmost{Quadrilateral, double}[173]" classname="com.epam.rd.autotasks.figures.QuadrilateralTest" time="0.008"/>
  <testcase name="testLeftmost{Quadrilateral, double}[174]" classname="com.epam.rd.autotasks.figures.QuadrilateralTest" time="0"/>
  <testcase name="testLeftmost{Quadrilateral, double}[175]" classname="com.epam.rd.autotasks.figures.QuadrilateralTest" time="0.002"/>
  <testcase name="testLeftmost{Quadrilateral, double}[176]" classname="com.epam.rd.autotasks.figures.QuadrilateralTest" time="0"/>
  <testcase name="testLeftmost{Quadrilateral, double}[177]" classname="com.epam.rd.autotasks.figures.QuadrilateralTest" time="0"/>
  <testcase name="testLeftmost{Quadrilateral, double}[178]" classname="com.epam.rd.autotasks.figures.QuadrilateralTest" time="0"/>
  <testcase name="testLeftmost{Quadrilateral, double}[179]" classname="com.epam.rd.autotasks.figures.QuadrilateralTest" time="0"/>
  <testcase name="testLeftmost{Quadrilateral, double}[180]" classname="com.epam.rd.autotasks.figures.QuadrilateralTest" time="0"/>
  <testcase name="testLeftmost{Quadrilateral, double}[181]" classname="com.epam.rd.autotasks.figures.QuadrilateralTest" time="0"/>
  <testcase name="testLeftmost{Quadrilateral, double}[182]" classname="com.epam.rd.autotasks.figures.QuadrilateralTest" time="0.008"/>
  <testcase name="testLeftmost{Quadrilateral, double}[183]" classname="com.epam.rd.autotasks.figures.QuadrilateralTest" time="0"/>
  <testcase name="testLeftmost{Quadrilateral, double}[184]" classname="com.epam.rd.autotasks.figures.QuadrilateralTest" time="0"/>
  <testcase name="testLeftmost{Quadrilateral, double}[185]" classname="com.epam.rd.autotasks.figures.QuadrilateralTest" time="0"/>
  <testcase name="testLeftmost{Quadrilateral, double}[186]" classname="com.epam.rd.autotasks.figures.QuadrilateralTest" time="0"/>
  <testcase name="testLeftmost{Quadrilateral, double}[187]" classname="com.epam.rd.autotasks.figures.QuadrilateralTest" time="0"/>
  <testcase name="testLeftmost{Quadrilateral, double}[188]" classname="com.epam.rd.autotasks.figures.QuadrilateralTest" time="0"/>
  <testcase name="testLeftmost{Quadrilateral, double}[189]" classname="com.epam.rd.autotasks.figures.QuadrilateralTest" time="0.008"/>
  <testcase name="testLeftmost{Quadrilateral, double}[190]" classname="com.epam.rd.autotasks.figures.QuadrilateralTest" time="0.002"/>
  <testcase name="testLeftmost{Quadrilateral, double}[191]" classname="com.epam.rd.autotasks.figures.QuadrilateralTest" time="0"/>
  <testcase name="testLeftmost{Quadrilateral, double}[192]" classname="com.epam.rd.autotasks.figures.QuadrilateralTest" time="0"/>
  <testcase name="testLeftmost{Quadrilateral, double}[193]" classname="com.epam.rd.autotasks.figures.QuadrilateralTest" time="0"/>
  <testcase name="testLeftmost{Quadrilateral, double}[194]" classname="com.epam.rd.autotasks.figures.QuadrilateralTest" time="0"/>
  <testcase name="testLeftmost{Quadrilateral, double}[195]" classname="com.epam.rd.autotasks.figures.QuadrilateralTest" time="0"/>
  <testcase name="testLeftmost{Quadrilateral, double}[196]" classname="com.epam.rd.autotasks.figures.QuadrilateralTest" time="0"/>
  <testcase name="testLeftmost{Quadrilateral, double}[197]" classname="com.epam.rd.autotasks.figures.QuadrilateralTest" time="0.008"/>
  <testcase name="testLeftmost{Quadrilateral, double}[198]" classname="com.epam.rd.autotasks.figures.QuadrilateralTest" time="0.002"/>
  <testcase name="testLeftmost{Quadrilateral, double}[199]" classname="com.epam.rd.autotasks.figures.QuadrilateralTest" time="0"/>
  <testcase name="testLeftmost{Quadrilateral, double}[200]" classname="com.epam.rd.autotasks.figures.QuadrilateralTest" time="0"/>
  <testcase name="testLeftmost{Quadrilateral, double}[201]" classname="com.epam.rd.autotasks.figures.QuadrilateralTest" time="0"/>
  <testcase name="testLeftmost{Quadrilateral, double}[202]" classname="com.epam.rd.autotasks.figures.QuadrilateralTest" time="0.008"/>
  <testcase name="testLeftmost{Quadrilateral, double}[203]" classname="com.epam.rd.autotasks.figures.QuadrilateralTest" time="0"/>
  <testcase name="testLeftmost{Quadrilateral, double}[204]" classname="com.epam.rd.autotasks.figures.QuadrilateralTest" time="0"/>
  <testcase name="testLeftmost{Quadrilateral, double}[205]" classname="com.epam.rd.autotasks.figures.QuadrilateralTest" time="0"/>
  <testcase name="testLeftmost{Quadrilateral, double}[206]" classname="com.epam.rd.autotasks.figures.QuadrilateralTest" time="0"/>
  <testcase name="testLeftmost{Quadrilateral, double}[207]" classname="com.epam.rd.autotasks.figures.QuadrilateralTest" time="0"/>
  <testcase name="testLeftmost{Quadrilateral, double}[208]" classname="com.epam.rd.autotasks.figures.QuadrilateralTest" time="0"/>
  <testcase name="testLeftmost{Quadrilateral, double}[209]" classname="com.epam.rd.autotasks.figures.QuadrilateralTest" time="0"/>
  <testcase name="testLeftmost{Quadrilateral, double}[210]" classname="com.epam.rd.autotasks.figures.QuadrilateralTest" time="0"/>
  <testcase name="testLeftmost{Quadrilateral, double}[211]" classname="com.epam.rd.autotasks.figures.QuadrilateralTest" time="0.008"/>
  <testcase name="testLeftmost{Quadrilateral, double}[212]" classname="com.epam.rd.autotasks.figures.QuadrilateralTest" time="0.002"/>
  <testcase name="testLeftmost{Quadrilateral, double}[213]" classname="com.epam.rd.autotasks.figures.QuadrilateralTest" time="0"/>
  <testcase name="testLeftmost{Quadrilateral, double}[214]" classname="com.epam.rd.autotasks.figures.QuadrilateralTest" time="0"/>
  <testcase name="testLeftmost{Quadrilateral, double}[215]" classname="com.epam.rd.autotasks.figures.QuadrilateralTest" time="0"/>
  <testcase name="testLeftmost{Quadrilateral, double}[216]" classname="com.epam.rd.autotasks.figures.QuadrilateralTest" time="0"/>
  <testcase name="testLeftmost{Quadrilateral, double}[217]" classname="com.epam.rd.autotasks.figures.QuadrilateralTest" time="0"/>
  <testcase name="testLeftmost{Quadrilateral, double}[218]" classname="com.epam.rd.autotasks.figures.QuadrilateralTest" time="0"/>
  <testcase name="testLeftmost{Quadrilateral, double}[219]" classname="com.epam.rd.autotasks.figures.QuadrilateralTest" time="0"/>
  <testcase name="testLeftmost{Quadrilateral, double}[220]" classname="com.epam.rd.autotasks.figures.QuadrilateralTest" time="0"/>
  <testcase name="testLeftmost{Quadrilateral, double}[221]" classname="com.epam.rd.autotasks.figures.QuadrilateralTest" time="0"/>
  <testcase name="testLeftmost{Quadrilateral, double}[222]" classname="com.epam.rd.autotasks.figures.QuadrilateralTest" time="0.008"/>
  <testcase name="testLeftmost{Quadrilateral, double}[223]" classname="com.epam.rd.autotasks.figures.QuadrilateralTest" time="0"/>
  <testcase name="testLeftmost{Quadrilateral, double}[224]" classname="com.epam.rd.autotasks.figures.QuadrilateralTest" time="0"/>
  <testcase name="testLeftmost{Quadrilateral, double}[225]" classname="com.epam.rd.autotasks.figures.QuadrilateralTest" time="0"/>
  <testcase name="testLeftmost{Quadrilateral, double}[226]" classname="com.epam.rd.autotasks.figures.QuadrilateralTest" time="0"/>
  <testcase name="testLeftmost{Quadrilateral, double}[227]" classname="com.epam.rd.autotasks.figures.QuadrilateralTest" time="0"/>
  <testcase name="testLeftmost{Quadrilateral, double}[228]" classname="com.epam.rd.autotasks.figures.QuadrilateralTest" time="0"/>
  <testcase name="testLeftmost{Quadrilateral, double}[229]" classname="com.epam.rd.autotasks.figures.QuadrilateralTest" time="0"/>
  <testcase name="testLeftmost{Quadrilateral, double}[230]" classname="com.epam.rd.autotasks.figures.QuadrilateralTest" time="0"/>
  <testcase name="testLeftmost{Quadrilateral, double}[231]" classname="com.epam.rd.autotasks.figures.QuadrilateralTest" time="0"/>
  <testcase name="testLeftmost{Quadrilateral, double}[232]" classname="com.epam.rd.autotasks.figures.QuadrilateralTest" time="0"/>
  <testcase name="testLeftmost{Quadrilateral, double}[233]" classname="com.epam.rd.autotasks.figures.QuadrilateralTest" time="0"/>
  <testcase name="testLeftmost{Quadrilateral, double}[234]" classname="com.epam.rd.autotasks.figures.QuadrilateralTest" time="0"/>
  <testcase name="testLeftmost{Quadrilateral, double}[235]" classname="com.epam.rd.autotasks.figures.QuadrilateralTest" time="0.01"/>
  <testcase name="testLeftmost{Quadrilateral, double}[236]" classname="com.epam.rd.autotasks.figures.QuadrilateralTest" time="0"/>
  <testcase name="testLeftmost{Quadrilateral, double}[237]" classname="com.epam.rd.autotasks.figures.QuadrilateralTest" time="0"/>
  <testcase name="testLeftmost{Quadrilateral, double}[238]" classname="com.epam.rd.autotasks.figures.QuadrilateralTest" time="0"/>
  <testcase name="testLeftmost{Quadrilateral, double}[239]" classname="com.epam.rd.autotasks.figures.QuadrilateralTest" time="0.008"/>
  <testcase name="testLeftmost{Quadrilateral, double}[240]" classname="com.epam.rd.autotasks.figures.QuadrilateralTest" time="0.002"/>
  <testcase name="testLeftmost{Quadrilateral, double}[241]" classname="com.epam.rd.autotasks.figures.QuadrilateralTest" time="0"/>
  <testcase name="testLeftmost{Quadrilateral, double}[242]" classname="com.epam.rd.autotasks.figures.QuadrilateralTest" time="0"/>
  <testcase name="testLeftmost{Quadrilateral, double}[243]" classname="com.epam.rd.autotasks.figures.QuadrilateralTest" time="0"/>
  <testcase name="testLeftmost{Quadrilateral, double}[244]" classname="com.epam.rd.autotasks.figures.QuadrilateralTest" time="0"/>
  <testcase name="testLeftmost{Quadrilateral, double}[245]" classname="com.epam.rd.autotasks.figures.QuadrilateralTest" time="0.009"/>
  <testcase name="testLeftmost{Quadrilateral, double}[246]" classname="com.epam.rd.autotasks.figures.QuadrilateralTest" time="0"/>
  <testcase name="testLeftmost{Quadrilateral, double}[247]" classname="com.epam.rd.autotasks.figures.QuadrilateralTest" time="0"/>
  <testcase name="testLeftmost{Quadrilateral, double}[248]" classname="com.epam.rd.autotasks.figures.QuadrilateralTest" time="0"/>
  <testcase name="testLeftmost{Quadrilateral, double}[249]" classname="com.epam.rd.autotasks.figures.QuadrilateralTest" time="0"/>
  <testcase name="testLeftmost{Quadrilateral, double}[250]" classname="com.epam.rd.autotasks.figures.QuadrilateralTest" time="0"/>
  <testcase name="testLeftmost{Quadrilateral, double}[251]" classname="com.epam.rd.autotasks.figures.QuadrilateralTest" time="0"/>
  <testcase name="testLeftmost{Quadrilateral, double}[252]" classname="com.epam.rd.autotasks.figures.QuadrilateralTest" time="0"/>
  <testcase name="testLeftmost{Quadrilateral, double}[253]" classname="com.epam.rd.autotasks.figures.QuadrilateralTest" time="0"/>
  <testcase name="testLeftmost{Quadrilateral, double}[254]" classname="com.epam.rd.autotasks.figures.QuadrilateralTest" time="0.01"/>
  <testcase name="testLeftmost{Quadrilateral, double}[255]" classname="com.epam.rd.autotasks.figures.QuadrilateralTest" time="0"/>
  <testcase name="testLeftmost{Quadrilateral, double}[256]" classname="com.epam.rd.autotasks.figures.QuadrilateralTest" time="0"/>
  <testcase name="testArea{Quadrilateral, double}[1]" classname="com.epam.rd.autotasks.figures.QuadrilateralTest" time="0"/>
  <testcase name="testArea{Quadrilateral, double}[2]" classname="com.epam.rd.autotasks.figures.QuadrilateralTest" time="0"/>
  <testcase name="testArea{Quadrilateral, double}[3]" classname="com.epam.rd.autotasks.figures.QuadrilateralTest" time="0"/>
  <testcase name="testArea{Quadrilateral, double}[4]" classname="com.epam.rd.autotasks.figures.QuadrilateralTest" time="0"/>
  <testcase name="testArea{Quadrilateral, double}[5]" classname="com.epam.rd.autotasks.figures.QuadrilateralTest" time="0"/>
  <testcase name="testArea{Quadrilateral, double}[6]" classname="com.epam.rd.autotasks.figures.QuadrilateralTest" time="0"/>
  <testcase name="testArea{Quadrilateral, double}[7]" classname="com.epam.rd.autotasks.figures.QuadrilateralTest" time="0"/>
  <testcase name="testArea{Quadrilateral, double}[8]" classname="com.epam.rd.autotasks.figures.QuadrilateralTest" time="0"/>
  <testcase name="testArea{Quadrilateral, double}[9]" classname="com.epam.rd.autotasks.figures.QuadrilateralTest" time="0"/>
  <testcase name="testArea{Quadrilateral, double}[10]" classname="com.epam.rd.autotasks.figures.QuadrilateralTest" time="0"/>
  <testcase name="testArea{Quadrilateral, double}[11]" classname="com.epam.rd.autotasks.figures.QuadrilateralTest" time="0"/>
  <testcase name="testArea{Quadrilateral, double}[12]" classname="com.epam.rd.autotasks.figures.QuadrilateralTest" time="0"/>
  <testcase name="testArea{Quadrilateral, double}[13]" classname="com.epam.rd.autotasks.figures.QuadrilateralTest" time="0"/>
  <testcase name="testArea{Quadrilateral, double}[14]" classname="com.epam.rd.autotasks.figures.QuadrilateralTest" time="0.016"/>
  <testcase name="testArea{Quadrilateral, double}[15]" classname="com.epam.rd.autotasks.figures.QuadrilateralTest" time="0"/>
  <testcase name="testArea{Quadrilateral, double}[16]" classname="com.epam.rd.autotasks.figures.QuadrilateralTest" time="0"/>
  <testcase name="testArea{Quadrilateral, double}[17]" classname="com.epam.rd.autotasks.figures.QuadrilateralTest" time="0"/>
  <testcase name="testArea{Quadrilateral, double}[18]" classname="com.epam.rd.autotasks.figures.QuadrilateralTest" time="0"/>
  <testcase name="testArea{Quadrilateral, double}[19]" classname="com.epam.rd.autotasks.figures.QuadrilateralTest" time="0.015"/>
  <testcase name="testArea{Quadrilateral, double}[20]" classname="com.epam.rd.autotasks.figures.QuadrilateralTest" time="0"/>
  <testcase name="testArea{Quadrilateral, double}[21]" classname="com.epam.rd.autotasks.figures.QuadrilateralTest" time="0"/>
  <testcase name="testArea{Quadrilateral, double}[22]" classname="com.epam.rd.autotasks.figures.QuadrilateralTest" time="0"/>
  <testcase name="testArea{Quadrilateral, double}[23]" classname="com.epam.rd.autotasks.figures.QuadrilateralTest" time="0"/>
  <testcase name="testArea{Quadrilateral, double}[24]" classname="com.epam.rd.autotasks.figures.QuadrilateralTest" time="0"/>
  <testcase name="testArea{Quadrilateral, double}[25]" classname="com.epam.rd.autotasks.figures.QuadrilateralTest" time="0"/>
  <testcase name="testArea{Quadrilateral, double}[26]" classname="com.epam.rd.autotasks.figures.QuadrilateralTest" time="0"/>
  <testcase name="testArea{Quadrilateral, double}[27]" classname="com.epam.rd.autotasks.figures.QuadrilateralTest" time="0"/>
  <testcase name="testArea{Quadrilateral, double}[28]" classname="com.epam.rd.autotasks.figures.QuadrilateralTest" time="0"/>
  <testcase name="testArea{Quadrilateral, double}[29]" classname="com.epam.rd.autotasks.figures.QuadrilateralTest" time="0"/>
  <testcase name="testArea{Quadrilateral, double}[30]" classname="com.epam.rd.autotasks.figures.QuadrilateralTest" time="0"/>
  <testcase name="testArea{Quadrilateral, double}[31]" classname="com.epam.rd.autotasks.figures.QuadrilateralTest" time="0"/>
  <testcase name="testArea{Quadrilateral, double}[32]" classname="com.epam.rd.autotasks.figures.QuadrilateralTest" time="0"/>
  <testcase name="testArea{Quadrilateral, double}[33]" classname="com.epam.rd.autotasks.figures.QuadrilateralTest" time="0"/>
  <testcase name="testArea{Quadrilateral, double}[34]" classname="com.epam.rd.autotasks.figures.QuadrilateralTest" time="0"/>
  <testcase name="testArea{Quadrilateral, double}[35]" classname="com.epam.rd.autotasks.figures.QuadrilateralTest" time="0"/>
  <testcase name="testArea{Quadrilateral, double}[36]" classname="com.epam.rd.autotasks.figures.QuadrilateralTest" time="0"/>
  <testcase name="testArea{Quadrilateral, double}[37]" classname="com.epam.rd.autotasks.figures.QuadrilateralTest" time="0"/>
  <testcase name="testArea{Quadrilateral, double}[38]" classname="com.epam.rd.autotasks.figures.QuadrilateralTest" time="0"/>
  <testcase name="testArea{Quadrilateral, double}[39]" classname="com.epam.rd.autotasks.figures.QuadrilateralTest" time="0"/>
  <testcase name="testArea{Quadrilateral, double}[40]" classname="com.epam.rd.autotasks.figures.QuadrilateralTest" time="0"/>
  <testcase name="testArea{Quadrilateral, double}[41]" classname="com.epam.rd.autotasks.figures.QuadrilateralTest" time="0"/>
  <testcase name="testArea{Quadrilateral, double}[42]" classname="com.epam.rd.autotasks.figures.QuadrilateralTest" time="0"/>
  <testcase name="testArea{Quadrilateral, double}[43]" classname="com.epam.rd.autotasks.figures.QuadrilateralTest" time="0"/>
  <testcase name="testArea{Quadrilateral, double}[44]" classname="com.epam.rd.autotasks.figures.QuadrilateralTest" time="0"/>
  <testcase name="testArea{Quadrilateral, double}[45]" classname="com.epam.rd.autotasks.figures.QuadrilateralTest" time="0"/>
  <testcase name="testArea{Quadrilateral, double}[46]" classname="com.epam.rd.autotasks.figures.QuadrilateralTest" time="0"/>
  <testcase name="testArea{Quadrilateral, double}[47]" classname="com.epam.rd.autotasks.figures.QuadrilateralTest" time="0"/>
  <testcase name="testArea{Quadrilateral, double}[48]" classname="com.epam.rd.autotasks.figures.QuadrilateralTest" time="0"/>
  <testcase name="testArea{Quadrilateral, double}[49]" classname="com.epam.rd.autotasks.figures.QuadrilateralTest" time="0"/>
  <testcase name="testArea{Quadrilateral, double}[50]" classname="com.epam.rd.autotasks.figures.QuadrilateralTest" time="0"/>
  <testcase name="testArea{Quadrilateral, double}[51]" classname="com.epam.rd.autotasks.figures.QuadrilateralTest" time="0"/>
  <testcase name="testArea{Quadrilateral, double}[52]" classname="com.epam.rd.autotasks.figures.QuadrilateralTest" time="0"/>
  <testcase name="testArea{Quadrilateral, double}[53]" classname="com.epam.rd.autotasks.figures.QuadrilateralTest" time="0"/>
  <testcase name="testArea{Quadrilateral, double}[54]" classname="com.epam.rd.autotasks.figures.QuadrilateralTest" time="0"/>
  <testcase name="testArea{Quadrilateral, double}[55]" classname="com.epam.rd.autotasks.figures.QuadrilateralTest" time="0"/>
  <testcase name="testArea{Quadrilateral, double}[56]" classname="com.epam.rd.autotasks.figures.QuadrilateralTest" time="0"/>
  <testcase name="testArea{Quadrilateral, double}[57]" classname="com.epam.rd.autotasks.figures.QuadrilateralTest" time="0"/>
  <testcase name="testArea{Quadrilateral, double}[58]" classname="com.epam.rd.autotasks.figures.QuadrilateralTest" time="0"/>
  <testcase name="testArea{Quadrilateral, double}[59]" classname="com.epam.rd.autotasks.figures.QuadrilateralTest" time="0"/>
  <testcase name="testArea{Quadrilateral, double}[60]" classname="com.epam.rd.autotasks.figures.QuadrilateralTest" time="0"/>
  <testcase name="testArea{Quadrilateral, double}[61]" classname="com.epam.rd.autotasks.figures.QuadrilateralTest" time="0"/>
  <testcase name="testArea{Quadrilateral, double}[62]" classname="com.epam.rd.autotasks.figures.QuadrilateralTest" time="0"/>
  <testcase name="testArea{Quadrilateral, double}[63]" classname="com.epam.rd.autotasks.figures.QuadrilateralTest" time="0"/>
  <testcase name="testArea{Quadrilateral, double}[64]" classname="com.epam.rd.autotasks.figures.QuadrilateralTest" time="0"/>
  <testcase name="testArea{Quadrilateral, double}[65]" classname="com.epam.rd.autotasks.figures.QuadrilateralTest" time="0"/>
  <testcase name="testArea{Quadrilateral, double}[66]" classname="com.epam.rd.autotasks.figures.QuadrilateralTest" time="0"/>
  <testcase name="testArea{Quadrilateral, double}[67]" classname="com.epam.rd.autotasks.figures.QuadrilateralTest" time="0"/>
  <testcase name="testArea{Quadrilateral, double}[68]" classname="com.epam.rd.autotasks.figures.QuadrilateralTest" time="0"/>
  <testcase name="testArea{Quadrilateral, double}[69]" classname="com.epam.rd.autotasks.figures.QuadrilateralTest" time="0"/>
  <testcase name="testArea{Quadrilateral, double}[70]" classname="com.epam.rd.autotasks.figures.QuadrilateralTest" time="0"/>
  <testcase name="testArea{Quadrilateral, double}[71]" classname="com.epam.rd.autotasks.figures.QuadrilateralTest" time="0"/>
  <testcase name="testArea{Quadrilateral, double}[72]" classname="com.epam.rd.autotasks.figures.QuadrilateralTest" time="0"/>
  <testcase name="testArea{Quadrilateral, double}[73]" classname="com.epam.rd.autotasks.figures.QuadrilateralTest" time="0"/>
  <testcase name="testArea{Quadrilateral, double}[74]" classname="com.epam.rd.autotasks.figures.QuadrilateralTest" time="0"/>
  <testcase name="testArea{Quadrilateral, double}[75]" classname="com.epam.rd.autotasks.figures.QuadrilateralTest" time="0"/>
  <testcase name="testArea{Quadrilateral, double}[76]" classname="com.epam.rd.autotasks.figures.QuadrilateralTest" time="0"/>
  <testcase name="testArea{Quadrilateral, double}[77]" classname="com.epam.rd.autotasks.figures.QuadrilateralTest" time="0"/>
  <testcase name="testArea{Quadrilateral, double}[78]" classname="com.epam.rd.autotasks.figures.QuadrilateralTest" time="0"/>
  <testcase name="testArea{Quadrilateral, double}[79]" classname="com.epam.rd.autotasks.figures.QuadrilateralTest" time="0"/>
  <testcase name="testArea{Quadrilateral, double}[80]" classname="com.epam.rd.autotasks.figures.QuadrilateralTest" time="0"/>
  <testcase name="testArea{Quadrilateral, double}[81]" classname="com.epam.rd.autotasks.figures.QuadrilateralTest" time="0"/>
  <testcase name="testArea{Quadrilateral, double}[82]" classname="com.epam.rd.autotasks.figures.QuadrilateralTest" time="0"/>
  <testcase name="testArea{Quadrilateral, double}[83]" classname="com.epam.rd.autotasks.figures.QuadrilateralTest" time="0"/>
  <testcase name="testArea{Quadrilateral, double}[84]" classname="com.epam.rd.autotasks.figures.QuadrilateralTest" time="0"/>
  <testcase name="testArea{Quadrilateral, double}[85]" classname="com.epam.rd.autotasks.figures.QuadrilateralTest" time="0"/>
  <testcase name="testArea{Quadrilateral, double}[86]" classname="com.epam.rd.autotasks.figures.QuadrilateralTest" time="0"/>
  <testcase name="testArea{Quadrilateral, double}[87]" classname="com.epam.rd.autotasks.figures.QuadrilateralTest" time="0"/>
  <testcase name="testArea{Quadrilateral, double}[88]" classname="com.epam.rd.autotasks.figures.QuadrilateralTest" time="0"/>
  <testcase name="testArea{Quadrilateral, double}[89]" classname="com.epam.rd.autotasks.figures.QuadrilateralTest" time="0"/>
  <testcase name="testArea{Quadrilateral, double}[90]" classname="com.epam.rd.autotasks.figures.QuadrilateralTest" time="0"/>
  <testcase name="testArea{Quadrilateral, double}[91]" classname="com.epam.rd.autotasks.figures.QuadrilateralTest" time="0"/>
  <testcase name="testArea{Quadrilateral, double}[92]" classname="com.epam.rd.autotasks.figures.QuadrilateralTest" time="0"/>
  <testcase name="testArea{Quadrilateral, double}[93]" classname="com.epam.rd.autotasks.figures.QuadrilateralTest" time="0"/>
  <testcase name="testArea{Quadrilateral, double}[94]" classname="com.epam.rd.autotasks.figures.QuadrilateralTest" time="0"/>
  <testcase name="testArea{Quadrilateral, double}[95]" classname="com.epam.rd.autotasks.figures.QuadrilateralTest" time="0"/>
  <testcase name="testArea{Quadrilateral, double}[96]" classname="com.epam.rd.autotasks.figures.QuadrilateralTest" time="0"/>
  <testcase name="testArea{Quadrilateral, double}[97]" classname="com.epam.rd.autotasks.figures.QuadrilateralTest" time="0"/>
  <testcase name="testArea{Quadrilateral, double}[98]" classname="com.epam.rd.autotasks.figures.QuadrilateralTest" time="0"/>
  <testcase name="testArea{Quadrilateral, double}[99]" classname="com.epam.rd.autotasks.figures.QuadrilateralTest" time="0"/>
  <testcase name="testArea{Quadrilateral, double}[100]" classname="com.epam.rd.autotasks.figures.QuadrilateralTest" time="0"/>
  <testcase name="testArea{Quadrilateral, double}[101]" classname="com.epam.rd.autotasks.figures.QuadrilateralTest" time="0"/>
  <testcase name="testArea{Quadrilateral, double}[102]" classname="com.epam.rd.autotasks.figures.QuadrilateralTest" time="0"/>
  <testcase name="testArea{Quadrilateral, double}[103]" classname="com.epam.rd.autotasks.figures.QuadrilateralTest" time="0"/>
  <testcase name="testArea{Quadrilateral, double}[104]" classname="com.epam.rd.autotasks.figures.QuadrilateralTest" time="0.015"/>
  <testcase name="testArea{Quadrilateral, double}[105]" classname="com.epam.rd.autotasks.figures.QuadrilateralTest" time="0"/>
  <testcase name="testArea{Quadrilateral, double}[106]" classname="com.epam.rd.autotasks.figures.QuadrilateralTest" time="0"/>
  <testcase name="testArea{Quadrilateral, double}[107]" classname="com.epam.rd.autotasks.figures.QuadrilateralTest" time="0"/>
  <testcase name="testArea{Quadrilateral, double}[108]" classname="com.epam.rd.autotasks.figures.QuadrilateralTest" time="0"/>
  <testcase name="testArea{Quadrilateral, double}[109]" classname="com.epam.rd.autotasks.figures.QuadrilateralTest" time="0"/>
  <testcase name="testArea{Quadrilateral, double}[110]" classname="com.epam.rd.autotasks.figures.QuadrilateralTest" time="0"/>
  <testcase name="testArea{Quadrilateral, double}[111]" classname="com.epam.rd.autotasks.figures.QuadrilateralTest" time="0"/>
  <testcase name="testArea{Quadrilateral, double}[112]" classname="com.epam.rd.autotasks.figures.QuadrilateralTest" time="0"/>
  <testcase name="testArea{Quadrilateral, double}[113]" classname="com.epam.rd.autotasks.figures.QuadrilateralTest" time="0"/>
  <testcase name="testArea{Quadrilateral, double}[114]" classname="com.epam.rd.autotasks.figures.QuadrilateralTest" time="0"/>
  <testcase name="testArea{Quadrilateral, double}[115]" classname="com.epam.rd.autotasks.figures.QuadrilateralTest" time="0"/>
  <testcase name="testArea{Quadrilateral, double}[116]" classname="com.epam.rd.autotasks.figures.QuadrilateralTest" time="0"/>
  <testcase name="testArea{Quadrilateral, double}[117]" classname="com.epam.rd.autotasks.figures.QuadrilateralTest" time="0"/>
  <testcase name="testArea{Quadrilateral, double}[118]" classname="com.epam.rd.autotasks.figures.QuadrilateralTest" time="0"/>
  <testcase name="testArea{Quadrilateral, double}[119]" classname="com.epam.rd.autotasks.figures.QuadrilateralTest" time="0"/>
  <testcase name="testArea{Quadrilateral, double}[120]" classname="com.epam.rd.autotasks.figures.QuadrilateralTest" time="0"/>
  <testcase name="testArea{Quadrilateral, double}[121]" classname="com.epam.rd.autotasks.figures.QuadrilateralTest" time="0"/>
  <testcase name="testArea{Quadrilateral, double}[122]" classname="com.epam.rd.autotasks.figures.QuadrilateralTest" time="0"/>
  <testcase name="testArea{Quadrilateral, double}[123]" classname="com.epam.rd.autotasks.figures.QuadrilateralTest" time="0"/>
  <testcase name="testArea{Quadrilateral, double}[124]" classname="com.epam.rd.autotasks.figures.QuadrilateralTest" time="0"/>
  <testcase name="testArea{Quadrilateral, double}[125]" classname="com.epam.rd.autotasks.figures.QuadrilateralTest" time="0"/>
  <testcase name="testArea{Quadrilateral, double}[126]" classname="com.epam.rd.autotasks.figures.QuadrilateralTest" time="0"/>
  <testcase name="testArea{Quadrilateral, double}[127]" classname="com.epam.rd.autotasks.figures.QuadrilateralTest" time="0"/>
  <testcase name="testArea{Quadrilateral, double}[128]" classname="com.epam.rd.autotasks.figures.QuadrilateralTest" time="0"/>
  <testcase name="testArea{Quadrilateral, double}[129]" classname="com.epam.rd.autotasks.figures.QuadrilateralTest" time="0"/>
  <testcase name="testArea{Quadrilateral, double}[130]" classname="com.epam.rd.autotasks.figures.QuadrilateralTest" time="0"/>
  <testcase name="testArea{Quadrilateral, double}[131]" classname="com.epam.rd.autotasks.figures.QuadrilateralTest" time="0"/>
  <testcase name="testArea{Quadrilateral, double}[132]" classname="com.epam.rd.autotasks.figures.QuadrilateralTest" time="0"/>
  <testcase name="testArea{Quadrilateral, double}[133]" classname="com.epam.rd.autotasks.figures.QuadrilateralTest" time="0"/>
  <testcase name="testArea{Quadrilateral, double}[134]" classname="com.epam.rd.autotasks.figures.QuadrilateralTest" time="0"/>
  <testcase name="testArea{Quadrilateral, double}[135]" classname="com.epam.rd.autotasks.figures.QuadrilateralTest" time="0"/>
  <testcase name="testArea{Quadrilateral, double}[136]" classname="com.epam.rd.autotasks.figures.QuadrilateralTest" time="0"/>
  <testcase name="testArea{Quadrilateral, double}[137]" classname="com.epam.rd.autotasks.figures.QuadrilateralTest" time="0"/>
  <testcase name="testArea{Quadrilateral, double}[138]" classname="com.epam.rd.autotasks.figures.QuadrilateralTest" time="0"/>
  <testcase name="testArea{Quadrilateral, double}[139]" classname="com.epam.rd.autotasks.figures.QuadrilateralTest" time="0"/>
  <testcase name="testArea{Quadrilateral, double}[140]" classname="com.epam.rd.autotasks.figures.QuadrilateralTest" time="0"/>
  <testcase name="testArea{Quadrilateral, double}[141]" classname="com.epam.rd.autotasks.figures.QuadrilateralTest" time="0"/>
  <testcase name="testArea{Quadrilateral, double}[142]" classname="com.epam.rd.autotasks.figures.QuadrilateralTest" time="0"/>
  <testcase name="testArea{Quadrilateral, double}[143]" classname="com.epam.rd.autotasks.figures.QuadrilateralTest" time="0"/>
  <testcase name="testArea{Quadrilateral, double}[144]" classname="com.epam.rd.autotasks.figures.QuadrilateralTest" time="0.016"/>
  <testcase name="testArea{Quadrilateral, double}[145]" classname="com.epam.rd.autotasks.figures.QuadrilateralTest" time="0"/>
  <testcase name="testArea{Quadrilateral, double}[146]" classname="com.epam.rd.autotasks.figures.QuadrilateralTest" time="0"/>
  <testcase name="testArea{Quadrilateral, double}[147]" classname="com.epam.rd.autotasks.figures.QuadrilateralTest" time="0"/>
  <testcase name="testArea{Quadrilateral, double}[148]" classname="com.epam.rd.autotasks.figures.QuadrilateralTest" time="0"/>
  <testcase name="testArea{Quadrilateral, double}[149]" classname="com.epam.rd.autotasks.figures.QuadrilateralTest" time="0"/>
  <testcase name="testArea{Quadrilateral, double}[150]" classname="com.epam.rd.autotasks.figures.QuadrilateralTest" time="0"/>
  <testcase name="testArea{Quadrilateral, double}[151]" classname="com.epam.rd.autotasks.figures.QuadrilateralTest" time="0"/>
  <testcase name="testArea{Quadrilateral, double}[152]" classname="com.epam.rd.autotasks.figures.QuadrilateralTest" time="0"/>
  <testcase name="testArea{Quadrilateral, double}[153]" classname="com.epam.rd.autotasks.figures.QuadrilateralTest" time="0"/>
  <testcase name="testArea{Quadrilateral, double}[154]" classname="com.epam.rd.autotasks.figures.QuadrilateralTest" time="0"/>
  <testcase name="testArea{Quadrilateral, double}[155]" classname="com.epam.rd.autotasks.figures.QuadrilateralTest" time="0"/>
  <testcase name="testArea{Quadrilateral, double}[156]" classname="com.epam.rd.autotasks.figures.QuadrilateralTest" time="0.015"/>
  <testcase name="testArea{Quadrilateral, double}[157]" classname="com.epam.rd.autotasks.figures.QuadrilateralTest" time="0"/>
  <testcase name="testArea{Quadrilateral, double}[158]" classname="com.epam.rd.autotasks.figures.QuadrilateralTest" time="0"/>
  <testcase name="testArea{Quadrilateral, double}[159]" classname="com.epam.rd.autotasks.figures.QuadrilateralTest" time="0"/>
  <testcase name="testArea{Quadrilateral, double}[160]" classname="com.epam.rd.autotasks.figures.QuadrilateralTest" time="0"/>
  <testcase name="testArea{Quadrilateral, double}[161]" classname="com.epam.rd.autotasks.figures.QuadrilateralTest" time="0"/>
  <testcase name="testArea{Quadrilateral, double}[162]" classname="com.epam.rd.autotasks.figures.QuadrilateralTest" time="0"/>
  <testcase name="testArea{Quadrilateral, double}[163]" classname="com.epam.rd.autotasks.figures.QuadrilateralTest" time="0"/>
  <testcase name="testArea{Quadrilateral, double}[164]" classname="com.epam.rd.autotasks.figures.QuadrilateralTest" time="0"/>
  <testcase name="testArea{Quadrilateral, double}[165]" classname="com.epam.rd.autotasks.figures.QuadrilateralTest" time="0"/>
  <testcase name="testArea{Quadrilateral, double}[166]" classname="com.epam.rd.autotasks.figures.QuadrilateralTest" time="0"/>
  <testcase name="testArea{Quadrilateral, double}[167]" classname="com.epam.rd.autotasks.figures.QuadrilateralTest" time="0"/>
  <testcase name="testArea{Quadrilateral, double}[168]" classname="com.epam.rd.autotasks.figures.QuadrilateralTest" time="0"/>
  <testcase name="testArea{Quadrilateral, double}[169]" classname="com.epam.rd.autotasks.figures.QuadrilateralTest" time="0.016"/>
  <testcase name="testArea{Quadrilateral, double}[170]" classname="com.epam.rd.autotasks.figures.QuadrilateralTest" time="0"/>
  <testcase name="testArea{Quadrilateral, double}[171]" classname="com.epam.rd.autotasks.figures.QuadrilateralTest" time="0"/>
  <testcase name="testArea{Quadrilateral, double}[172]" classname="com.epam.rd.autotasks.figures.QuadrilateralTest" time="0"/>
  <testcase name="testArea{Quadrilateral, double}[173]" classname="com.epam.rd.autotasks.figures.QuadrilateralTest" time="0"/>
  <testcase name="testArea{Quadrilateral, double}[174]" classname="com.epam.rd.autotasks.figures.QuadrilateralTest" time="0"/>
  <testcase name="testArea{Quadrilateral, double}[175]" classname="com.epam.rd.autotasks.figures.QuadrilateralTest" time="0"/>
  <testcase name="testArea{Quadrilateral, double}[176]" classname="com.epam.rd.autotasks.figures.QuadrilateralTest" time="0"/>
  <testcase name="testArea{Quadrilateral, double}[177]" classname="com.epam.rd.autotasks.figures.QuadrilateralTest" time="0"/>
  <testcase name="testArea{Quadrilateral, double}[178]" classname="com.epam.rd.autotasks.figures.QuadrilateralTest" time="0"/>
  <testcase name="testArea{Quadrilateral, double}[179]" classname="com.epam.rd.autotasks.figures.QuadrilateralTest" time="0.016"/>
  <testcase name="testArea{Quadrilateral, double}[180]" classname="com.epam.rd.autotasks.figures.QuadrilateralTest" time="0"/>
  <testcase name="testArea{Quadrilateral, double}[181]" classname="com.epam.rd.autotasks.figures.QuadrilateralTest" time="0"/>
  <testcase name="testArea{Quadrilateral, double}[182]" classname="com.epam.rd.autotasks.figures.QuadrilateralTest" time="0"/>
  <testcase name="testArea{Quadrilateral, double}[183]" classname="com.epam.rd.autotasks.figures.QuadrilateralTest" time="0"/>
  <testcase name="testArea{Quadrilateral, double}[184]" classname="com.epam.rd.autotasks.figures.QuadrilateralTest" time="0"/>
  <testcase name="testArea{Quadrilateral, double}[185]" classname="com.epam.rd.autotasks.figures.QuadrilateralTest" time="0"/>
  <testcase name="testArea{Quadrilateral, double}[186]" classname="com.epam.rd.autotasks.figures.QuadrilateralTest" time="0"/>
  <testcase name="testArea{Quadrilateral, double}[187]" classname="com.epam.rd.autotasks.figures.QuadrilateralTest" time="0"/>
  <testcase name="testArea{Quadrilateral, double}[188]" classname="com.epam.rd.autotasks.figures.QuadrilateralTest" time="0"/>
  <testcase name="testArea{Quadrilateral, double}[189]" classname="com.epam.rd.autotasks.figures.QuadrilateralTest" time="0"/>
  <testcase name="testArea{Quadrilateral, double}[190]" classname="com.epam.rd.autotasks.figures.QuadrilateralTest" time="0"/>
  <testcase name="testArea{Quadrilateral, double}[191]" classname="com.epam.rd.autotasks.figures.QuadrilateralTest" time="0"/>
  <testcase name="testArea{Quadrilateral, double}[192]" classname="com.epam.rd.autotasks.figures.QuadrilateralTest" time="0.015"/>
  <testcase name="testArea{Quadrilateral, double}[193]" classname="com.epam.rd.autotasks.figures.QuadrilateralTest" time="0"/>
  <testcase name="testArea{Quadrilateral, double}[194]" classname="com.epam.rd.autotasks.figures.QuadrilateralTest" time="0"/>
  <testcase name="testArea{Quadrilateral, double}[195]" classname="com.epam.rd.autotasks.figures.QuadrilateralTest" time="0"/>
  <testcase name="testArea{Quadrilateral, double}[196]" classname="com.epam.rd.autotasks.figures.QuadrilateralTest" time="0"/>
  <testcase name="testArea{Quadrilateral, double}[197]" classname="com.epam.rd.autotasks.figures.QuadrilateralTest" time="0"/>
  <testcase name="testArea{Quadrilateral, double}[198]" classname="com.epam.rd.autotasks.figures.QuadrilateralTest" time="0"/>
  <testcase name="testArea{Quadrilateral, double}[199]" classname="com.epam.rd.autotasks.figures.QuadrilateralTest" time="0"/>
  <testcase name="testArea{Quadrilateral, double}[200]" classname="com.epam.rd.autotasks.figures.QuadrilateralTest" time="0"/>
  <testcase name="testArea{Quadrilateral, double}[201]" classname="com.epam.rd.autotasks.figures.QuadrilateralTest" time="0"/>
  <testcase name="testArea{Quadrilateral, double}[202]" classname="com.epam.rd.autotasks.figures.QuadrilateralTest" time="0"/>
  <testcase name="testArea{Quadrilateral, double}[203]" classname="com.epam.rd.autotasks.figures.QuadrilateralTest" time="0"/>
  <testcase name="testArea{Quadrilateral, double}[204]" classname="com.epam.rd.autotasks.figures.QuadrilateralTest" time="0"/>
  <testcase name="testArea{Quadrilateral, double}[205]" classname="com.epam.rd.autotasks.figures.QuadrilateralTest" time="0"/>
  <testcase name="testArea{Quadrilateral, double}[206]" classname="com.epam.rd.autotasks.figures.QuadrilateralTest" time="0"/>
  <testcase name="testArea{Quadrilateral, double}[207]" classname="com.epam.rd.autotasks.figures.QuadrilateralTest" time="0"/>
  <testcase name="testArea{Quadrilateral, double}[208]" classname="com.epam.rd.autotasks.figures.QuadrilateralTest" time="0"/>
  <testcase name="testArea{Quadrilateral, double}[209]" classname="com.epam.rd.autotasks.figures.QuadrilateralTest" time="0.006"/>
  <testcase name="testArea{Quadrilateral, double}[210]" classname="com.epam.rd.autotasks.figures.QuadrilateralTest" time="0"/>
  <testcase name="testArea{Quadrilateral, double}[211]" classname="com.epam.rd.autotasks.figures.QuadrilateralTest" time="0"/>
  <testcase name="testArea{Quadrilateral, double}[212]" classname="com.epam.rd.autotasks.figures.QuadrilateralTest" time="0"/>
  <testcase name="testArea{Quadrilateral, double}[213]" classname="com.epam.rd.autotasks.figures.QuadrilateralTest" time="0"/>
  <testcase name="testArea{Quadrilateral, double}[214]" classname="com.epam.rd.autotasks.figures.QuadrilateralTest" time="0"/>
  <testcase name="testArea{Quadrilateral, double}[215]" classname="com.epam.rd.autotasks.figures.QuadrilateralTest" time="0"/>
  <testcase name="testArea{Quadrilateral, double}[216]" classname="com.epam.rd.autotasks.figures.QuadrilateralTest" time="0"/>
  <testcase name="testArea{Quadrilateral, double}[217]" classname="com.epam.rd.autotasks.figures.QuadrilateralTest" time="0"/>
  <testcase name="testArea{Quadrilateral, double}[218]" classname="com.epam.rd.autotasks.figures.QuadrilateralTest" time="0"/>
  <testcase name="testArea{Quadrilateral, double}[219]" classname="com.epam.rd.autotasks.figures.QuadrilateralTest" time="0"/>
  <testcase name="testArea{Quadrilateral, double}[220]" classname="com.epam.rd.autotasks.figures.QuadrilateralTest" time="0"/>
  <testcase name="testArea{Quadrilateral, double}[221]" classname="com.epam.rd.autotasks.figures.QuadrilateralTest" time="0"/>
  <testcase name="testArea{Quadrilateral, double}[222]" classname="com.epam.rd.autotasks.figures.QuadrilateralTest" time="0"/>
  <testcase name="testArea{Quadrilateral, double}[223]" classname="com.epam.rd.autotasks.figures.QuadrilateralTest" time="0"/>
  <testcase name="testArea{Quadrilateral, double}[224]" classname="com.epam.rd.autotasks.figures.QuadrilateralTest" time="0"/>
  <testcase name="testArea{Quadrilateral, double}[225]" classname="com.epam.rd.autotasks.figures.QuadrilateralTest" time="0.016"/>
  <testcase name="testArea{Quadrilateral, double}[226]" classname="com.epam.rd.autotasks.figures.QuadrilateralTest" time="0"/>
  <testcase name="testArea{Quadrilateral, double}[227]" classname="com.epam.rd.autotasks.figures.QuadrilateralTest" time="0"/>
  <testcase name="testArea{Quadrilateral, double}[228]" classname="com.epam.rd.autotasks.figures.QuadrilateralTest" time="0"/>
  <testcase name="testArea{Quadrilateral, double}[229]" classname="com.epam.rd.autotasks.figures.QuadrilateralTest" time="0"/>
  <testcase name="testArea{Quadrilateral, double}[230]" classname="com.epam.rd.autotasks.figures.QuadrilateralTest" time="0"/>
  <testcase name="testArea{Quadrilateral, double}[231]" classname="com.epam.rd.autotasks.figures.QuadrilateralTest" time="0"/>
  <testcase name="testArea{Quadrilateral, double}[232]" classname="com.epam.rd.autotasks.figures.QuadrilateralTest" time="0"/>
  <testcase name="testArea{Quadrilateral, double}[233]" classname="com.epam.rd.autotasks.figures.QuadrilateralTest" time="0"/>
  <testcase name="testArea{Quadrilateral, double}[234]" classname="com.epam.rd.autotasks.figures.QuadrilateralTest" time="0"/>
  <testcase name="testArea{Quadrilateral, double}[235]" classname="com.epam.rd.autotasks.figures.QuadrilateralTest" time="0"/>
  <testcase name="testArea{Quadrilateral, double}[236]" classname="com.epam.rd.autotasks.figures.QuadrilateralTest" time="0"/>
  <testcase name="testArea{Quadrilateral, double}[237]" classname="com.epam.rd.autotasks.figures.QuadrilateralTest" time="0"/>
  <testcase name="testArea{Quadrilateral, double}[238]" classname="com.epam.rd.autotasks.figures.QuadrilateralTest" time="0"/>
  <testcase name="testArea{Quadrilateral, double}[239]" classname="com.epam.rd.autotasks.figures.QuadrilateralTest" time="0"/>
  <testcase name="testArea{Quadrilateral, double}[240]" classname="com.epam.rd.autotasks.figures.QuadrilateralTest" time="0"/>
  <testcase name="testArea{Quadrilateral, double}[241]" classname="com.epam.rd.autotasks.figures.QuadrilateralTest" time="0"/>
  <testcase name="testArea{Quadrilateral, double}[242]" classname="com.epam.rd.autotasks.figures.QuadrilateralTest" time="0"/>
  <testcase name="testArea{Quadrilateral, double}[243]" classname="com.epam.rd.autotasks.figures.QuadrilateralTest" time="0"/>
  <testcase name="testArea{Quadrilateral, double}[244]" classname="com.epam.rd.autotasks.figures.QuadrilateralTest" time="0"/>
  <testcase name="testArea{Quadrilateral, double}[245]" classname="com.epam.rd.autotasks.figures.QuadrilateralTest" time="0"/>
  <testcase name="testArea{Quadrilateral, double}[246]" classname="com.epam.rd.autotasks.figures.QuadrilateralTest" time="0"/>
  <testcase name="testArea{Quadrilateral, double}[247]" classname="com.epam.rd.autotasks.figures.QuadrilateralTest" time="0"/>
  <testcase name="testArea{Quadrilateral, double}[248]" classname="com.epam.rd.autotasks.figures.QuadrilateralTest" time="0"/>
  <testcase name="testArea{Quadrilateral, double}[249]" classname="com.epam.rd.autotasks.figures.QuadrilateralTest" time="0"/>
  <testcase name="testArea{Quadrilateral, double}[250]" classname="com.epam.rd.autotasks.figures.QuadrilateralTest" time="0"/>
  <testcase name="testArea{Quadrilateral, double}[251]" classname="com.epam.rd.autotasks.figures.QuadrilateralTest" time="0"/>
  <testcase name="testArea{Quadrilateral, double}[252]" classname="com.epam.rd.autotasks.figures.QuadrilateralTest" time="0"/>
  <testcase name="testArea{Quadrilateral, double}[253]" classname="com.epam.rd.autotasks.figures.QuadrilateralTest" time="0"/>
  <testcase name="testArea{Quadrilateral, double}[254]" classname="com.epam.rd.autotasks.figures.QuadrilateralTest" time="0"/>
  <testcase name="testArea{Quadrilateral, double}[255]" classname="com.epam.rd.autotasks.figures.QuadrilateralTest" time="0"/>
  <testcase name="testArea{Quadrilateral, double}[256]" classname="com.epam.rd.autotasks.figures.QuadrilateralTest" time="0"/>
  <testcase name="testToString{Quadrilateral, String}[1]" classname="com.epam.rd.autotasks.figures.QuadrilateralTest" time="0"/>
  <testcase name="testToString{Quadrilateral, String}[2]" classname="com.epam.rd.autotasks.figures.QuadrilateralTest" time="0"/>
  <testcase name="testToString{Quadrilateral, String}[3]" classname="com.epam.rd.autotasks.figures.QuadrilateralTest" time="0"/>
  <testcase name="testToString{Quadrilateral, String}[4]" classname="com.epam.rd.autotasks.figures.QuadrilateralTest" time="0"/>
  <testcase name="testToString{Quadrilateral, String}[5]" classname="com.epam.rd.autotasks.figures.QuadrilateralTest" time="0"/>
  <testcase name="testToString{Quadrilateral, String}[6]" classname="com.epam.rd.autotasks.figures.QuadrilateralTest" time="0"/>
  <testcase name="testToString{Quadrilateral, String}[7]" classname="com.epam.rd.autotasks.figures.QuadrilateralTest" time="0"/>
  <testcase name="testToString{Quadrilateral, String}[8]" classname="com.epam.rd.autotasks.figures.QuadrilateralTest" time="0"/>
  <testcase name="testToString{Quadrilateral, String}[9]" classname="com.epam.rd.autotasks.figures.QuadrilateralTest" time="0"/>
  <testcase name="testToString{Quadrilateral, String}[10]" classname="com.epam.rd.autotasks.figures.QuadrilateralTest" time="0"/>
  <testcase name="testToString{Quadrilateral, String}[11]" classname="com.epam.rd.autotasks.figures.QuadrilateralTest" time="0"/>
  <testcase name="testToString{Quadrilateral, String}[12]" classname="com.epam.rd.autotasks.figures.QuadrilateralTest" time="0"/>
  <testcase name="testToString{Quadrilateral, String}[13]" classname="com.epam.rd.autotasks.figures.QuadrilateralTest" time="0"/>
  <testcase name="testToString{Quadrilateral, String}[14]" classname="com.epam.rd.autotasks.figures.QuadrilateralTest" time="0"/>
  <testcase name="testToString{Quadrilateral, String}[15]" classname="com.epam.rd.autotasks.figures.QuadrilateralTest" time="0"/>
  <testcase name="testToString{Quadrilateral, String}[16]" classname="com.epam.rd.autotasks.figures.QuadrilateralTest" time="0"/>
  <testcase name="testToString{Quadrilateral, String}[17]" classname="com.epam.rd.autotasks.figures.QuadrilateralTest" time="0"/>
  <testcase name="testToString{Quadrilateral, String}[18]" classname="com.epam.rd.autotasks.figures.QuadrilateralTest" time="0"/>
  <testcase name="testToString{Quadrilateral, String}[19]" classname="com.epam.rd.autotasks.figures.QuadrilateralTest" time="0"/>
  <testcase name="testToString{Quadrilateral, String}[20]" classname="com.epam.rd.autotasks.figures.QuadrilateralTest" time="0"/>
  <testcase name="testToString{Quadrilateral, String}[21]" classname="com.epam.rd.autotasks.figures.QuadrilateralTest" time="0"/>
  <testcase name="testToString{Quadrilateral, String}[22]" classname="com.epam.rd.autotasks.figures.QuadrilateralTest" time="0"/>
  <testcase name="testToString{Quadrilateral, String}[23]" classname="com.epam.rd.autotasks.figures.QuadrilateralTest" time="0"/>
  <testcase name="testToString{Quadrilateral, String}[24]" classname="com.epam.rd.autotasks.figures.QuadrilateralTest" time="0"/>
  <testcase name="testToString{Quadrilateral, String}[25]" classname="com.epam.rd.autotasks.figures.QuadrilateralTest" time="0"/>
  <testcase name="testToString{Quadrilateral, String}[26]" classname="com.epam.rd.autotasks.figures.QuadrilateralTest" time="0"/>
  <testcase name="testToString{Quadrilateral, String}[27]" classname="com.epam.rd.autotasks.figures.QuadrilateralTest" time="0"/>
  <testcase name="testToString{Quadrilateral, String}[28]" classname="com.epam.rd.autotasks.figures.QuadrilateralTest" time="0"/>
  <testcase name="testToString{Quadrilateral, String}[29]" classname="com.epam.rd.autotasks.figures.QuadrilateralTest" time="0"/>
  <testcase name="testToString{Quadrilateral, String}[30]" classname="com.epam.rd.autotasks.figures.QuadrilateralTest" time="0"/>
  <testcase name="testToString{Quadrilateral, String}[31]" classname="com.epam.rd.autotasks.figures.QuadrilateralTest" time="0"/>
  <testcase name="testToString{Quadrilateral, String}[32]" classname="com.epam.rd.autotasks.figures.QuadrilateralTest" time="0"/>
  <testcase name="testToString{Quadrilateral, String}[33]" classname="com.epam.rd.autotasks.figures.QuadrilateralTest" time="0"/>
  <testcase name="testToString{Quadrilateral, String}[34]" classname="com.epam.rd.autotasks.figures.QuadrilateralTest" time="0"/>
  <testcase name="testToString{Quadrilateral, String}[35]" classname="com.epam.rd.autotasks.figures.QuadrilateralTest" time="0"/>
  <testcase name="testToString{Quadrilateral, String}[36]" classname="com.epam.rd.autotasks.figures.QuadrilateralTest" time="0"/>
  <testcase name="testToString{Quadrilateral, String}[37]" classname="com.epam.rd.autotasks.figures.QuadrilateralTest" time="0"/>
  <testcase name="testToString{Quadrilateral, String}[38]" classname="com.epam.rd.autotasks.figures.QuadrilateralTest" time="0"/>
  <testcase name="testToString{Quadrilateral, String}[39]" classname="com.epam.rd.autotasks.figures.QuadrilateralTest" time="0"/>
  <testcase name="testToString{Quadrilateral, String}[40]" classname="com.epam.rd.autotasks.figures.QuadrilateralTest" time="0"/>
  <testcase name="testToString{Quadrilateral, String}[41]" classname="com.epam.rd.autotasks.figures.QuadrilateralTest" time="0"/>
  <testcase name="testToString{Quadrilateral, String}[42]" classname="com.epam.rd.autotasks.figures.QuadrilateralTest" time="0"/>
  <testcase name="testToString{Quadrilateral, String}[43]" classname="com.epam.rd.autotasks.figures.QuadrilateralTest" time="0"/>
  <testcase name="testToString{Quadrilateral, String}[44]" classname="com.epam.rd.autotasks.figures.QuadrilateralTest" time="0"/>
  <testcase name="testToString{Quadrilateral, String}[45]" classname="com.epam.rd.autotasks.figures.QuadrilateralTest" time="0"/>
  <testcase name="testToString{Quadrilateral, String}[46]" classname="com.epam.rd.autotasks.figures.QuadrilateralTest" time="0"/>
  <testcase name="testToString{Quadrilateral, String}[47]" classname="com.epam.rd.autotasks.figures.QuadrilateralTest" time="0"/>
  <testcase name="testToString{Quadrilateral, String}[48]" classname="com.epam.rd.autotasks.figures.QuadrilateralTest" time="0"/>
  <testcase name="testToString{Quadrilateral, String}[49]" classname="com.epam.rd.autotasks.figures.QuadrilateralTest" time="0"/>
  <testcase name="testToString{Quadrilateral, String}[50]" classname="com.epam.rd.autotasks.figures.QuadrilateralTest" time="0"/>
  <testcase name="testToString{Quadrilateral, String}[51]" classname="com.epam.rd.autotasks.figures.QuadrilateralTest" time="0"/>
  <testcase name="testToString{Quadrilateral, String}[52]" classname="com.epam.rd.autotasks.figures.QuadrilateralTest" time="0"/>
  <testcase name="testToString{Quadrilateral, String}[53]" classname="com.epam.rd.autotasks.figures.QuadrilateralTest" time="0"/>
  <testcase name="testToString{Quadrilateral, String}[54]" classname="com.epam.rd.autotasks.figures.QuadrilateralTest" time="0"/>
  <testcase name="testToString{Quadrilateral, String}[55]" classname="com.epam.rd.autotasks.figures.QuadrilateralTest" time="0"/>
  <testcase name="testToString{Quadrilateral, String}[56]" classname="com.epam.rd.autotasks.figures.QuadrilateralTest" time="0"/>
  <testcase name="testToString{Quadrilateral, String}[57]" classname="com.epam.rd.autotasks.figures.QuadrilateralTest" time="0"/>
  <testcase name="testToString{Quadrilateral, String}[58]" classname="com.epam.rd.autotasks.figures.QuadrilateralTest" time="0"/>
  <testcase name="testToString{Quadrilateral, String}[59]" classname="com.epam.rd.autotasks.figures.QuadrilateralTest" time="0"/>
  <testcase name="testToString{Quadrilateral, String}[60]" classname="com.epam.rd.autotasks.figures.QuadrilateralTest" time="0"/>
  <testcase name="testToString{Quadrilateral, String}[61]" classname="com.epam.rd.autotasks.figures.QuadrilateralTest" time="0"/>
  <testcase name="testToString{Quadrilateral, String}[62]" classname="com.epam.rd.autotasks.figures.QuadrilateralTest" time="0"/>
  <testcase name="testToString{Quadrilateral, String}[63]" classname="com.epam.rd.autotasks.figures.QuadrilateralTest" time="0"/>
  <testcase name="testToString{Quadrilateral, String}[64]" classname="com.epam.rd.autotasks.figures.QuadrilateralTest" time="0"/>
  <testcase name="testToString{Quadrilateral, String}[65]" classname="com.epam.rd.autotasks.figures.QuadrilateralTest" time="0"/>
  <testcase name="testToString{Quadrilateral, String}[66]" classname="com.epam.rd.autotasks.figures.QuadrilateralTest" time="0"/>
  <testcase name="testToString{Quadrilateral, String}[67]" classname="com.epam.rd.autotasks.figures.QuadrilateralTest" time="0"/>
  <testcase name="testToString{Quadrilateral, String}[68]" classname="com.epam.rd.autotasks.figures.QuadrilateralTest" time="0"/>
  <testcase name="testToString{Quadrilateral, String}[69]" classname="com.epam.rd.autotasks.figures.QuadrilateralTest" time="0"/>
  <testcase name="testToString{Quadrilateral, String}[70]" classname="com.epam.rd.autotasks.figures.QuadrilateralTest" time="0"/>
  <testcase name="testToString{Quadrilateral, String}[71]" classname="com.epam.rd.autotasks.figures.QuadrilateralTest" time="0"/>
  <testcase name="testToString{Quadrilateral, String}[72]" classname="com.epam.rd.autotasks.figures.QuadrilateralTest" time="0"/>
  <testcase name="testToString{Quadrilateral, String}[73]" classname="com.epam.rd.autotasks.figures.QuadrilateralTest" time="0"/>
  <testcase name="testToString{Quadrilateral, String}[74]" classname="com.epam.rd.autotasks.figures.QuadrilateralTest" time="0"/>
  <testcase name="testToString{Quadrilateral, String}[75]" classname="com.epam.rd.autotasks.figures.QuadrilateralTest" time="0"/>
  <testcase name="testToString{Quadrilateral, String}[76]" classname="com.epam.rd.autotasks.figures.QuadrilateralTest" time="0"/>
  <testcase name="testToString{Quadrilateral, String}[77]" classname="com.epam.rd.autotasks.figures.QuadrilateralTest" time="0"/>
  <testcase name="testToString{Quadrilateral, String}[78]" classname="com.epam.rd.autotasks.figures.QuadrilateralTest" time="0"/>
  <testcase name="testToString{Quadrilateral, String}[79]" classname="com.epam.rd.autotasks.figures.QuadrilateralTest" time="0"/>
  <testcase name="testToString{Quadrilateral, String}[80]" classname="com.epam.rd.autotasks.figures.QuadrilateralTest" time="0"/>
  <testcase name="testToString{Quadrilateral, String}[81]" classname="com.epam.rd.autotasks.figures.QuadrilateralTest" time="0"/>
  <testcase name="testToString{Quadrilateral, String}[82]" classname="com.epam.rd.autotasks.figures.QuadrilateralTest" time="0"/>
  <testcase name="testToString{Quadrilateral, String}[83]" classname="com.epam.rd.autotasks.figures.QuadrilateralTest" time="0"/>
  <testcase name="testToString{Quadrilateral, String}[84]" classname="com.epam.rd.autotasks.figures.QuadrilateralTest" time="0"/>
  <testcase name="testToString{Quadrilateral, String}[85]" classname="com.epam.rd.autotasks.figures.QuadrilateralTest" time="0"/>
  <testcase name="testToString{Quadrilateral, String}[86]" classname="com.epam.rd.autotasks.figures.QuadrilateralTest" time="0"/>
  <testcase name="testToString{Quadrilateral, String}[87]" classname="com.epam.rd.autotasks.figures.QuadrilateralTest" time="0"/>
  <testcase name="testToString{Quadrilateral, String}[88]" classname="com.epam.rd.autotasks.figures.QuadrilateralTest" time="0"/>
  <testcase name="testToString{Quadrilateral, String}[89]" classname="com.epam.rd.autotasks.figures.QuadrilateralTest" time="0"/>
  <testcase name="testToString{Quadrilateral, String}[90]" classname="com.epam.rd.autotasks.figures.QuadrilateralTest" time="0"/>
  <testcase name="testToString{Quadrilateral, String}[91]" classname="com.epam.rd.autotasks.figures.QuadrilateralTest" time="0"/>
  <testcase name="testToString{Quadrilateral, String}[92]" classname="com.epam.rd.autotasks.figures.QuadrilateralTest" time="0"/>
  <testcase name="testToString{Quadrilateral, String}[93]" classname="com.epam.rd.autotasks.figures.QuadrilateralTest" time="0"/>
  <testcase name="testToString{Quadrilateral, String}[94]" classname="com.epam.rd.autotasks.figures.QuadrilateralTest" time="0"/>
  <testcase name="testToString{Quadrilateral, String}[95]" classname="com.epam.rd.autotasks.figures.QuadrilateralTest" time="0"/>
  <testcase name="testToString{Quadrilateral, String}[96]" classname="com.epam.rd.autotasks.figures.QuadrilateralTest" time="0"/>
  <testcase name="testToString{Quadrilateral, String}[97]" classname="com.epam.rd.autotasks.figures.QuadrilateralTest" time="0"/>
  <testcase name="testToString{Quadrilateral, String}[98]" classname="com.epam.rd.autotasks.figures.QuadrilateralTest" time="0"/>
  <testcase name="testToString{Quadrilateral, String}[99]" classname="com.epam.rd.autotasks.figures.QuadrilateralTest" time="0"/>
[...]
  <testcase name="testPoints{Quadrilateral, String}[105]" classname="com.epam.rd.autotasks.figures.QuadrilateralTest" time="0"/>
  <testcase name="testPoints{Quadrilateral, String}[106]" classname="com.epam.rd.autotasks.figures.QuadrilateralTest" time="0"/>
  <testcase name="testPoints{Quadrilateral, String}[107]" classname="com.epam.rd.autotasks.figures.QuadrilateralTest" time="0"/>
  <testcase name="testPoints{Quadrilateral, String}[108]" classname="com.epam.rd.autotasks.figures.QuadrilateralTest" time="0"/>
  <testcase name="testPoints{Quadrilateral, String}[109]" classname="com.epam.rd.autotasks.figures.QuadrilateralTest" time="0"/>
  <testcase name="testPoints{Quadrilateral, String}[110]" classname="com.epam.rd.autotasks.figures.QuadrilateralTest" time="0"/>
  <testcase name="testPoints{Quadrilateral, String}[111]" classname="com.epam.rd.autotasks.figures.QuadrilateralTest" time="0"/>
  <testcase name="testPoints{Quadrilateral, String}[112]" classname="com.epam.rd.autotasks.figures.QuadrilateralTest" time="0"/>
  <testcase name="testPoints{Quadrilateral, String}[113]" classname="com.epam.rd.autotasks.figures.QuadrilateralTest" time="0"/>
  <testcase name="testPoints{Quadrilateral, String}[114]" classname="com.epam.rd.autotasks.figures.QuadrilateralTest" time="0"/>
  <testcase name="testPoints{Quadrilateral, String}[115]" classname="com.epam.rd.autotasks.figures.QuadrilateralTest" time="0"/>
  <testcase name="testPoints{Quadrilateral, String}[116]" classname="com.epam.rd.autotasks.figures.QuadrilateralTest" time="0"/>
  <testcase name="testPoints{Quadrilateral, String}[117]" classname="com.epam.rd.autotasks.figures.QuadrilateralTest" time="0"/>
  <testcase name="testPoints{Quadrilateral, String}[118]" classname="com.epam.rd.autotasks.figures.QuadrilateralTest" time="0"/>
  <testcase name="testPoints{Quadrilateral, String}[119]" classname="com.epam.rd.autotasks.figures.QuadrilateralTest" time="0"/>
  <testcase name="testPoints{Quadrilateral, String}[120]" classname="com.epam.rd.autotasks.figures.QuadrilateralTest" time="0"/>
  <testcase name="testPoints{Quadrilateral, String}[121]" classname="com.epam.rd.autotasks.figures.QuadrilateralTest" time="0.006"/>
  <testcase name="testPoints{Quadrilateral, String}[122]" classname="com.epam.rd.autotasks.figures.QuadrilateralTest" time="0"/>
  <testcase name="testPoints{Quadrilateral, String}[123]" classname="com.epam.rd.autotasks.figures.QuadrilateralTest" time="0"/>
  <testcase name="testPoints{Quadrilateral, String}[124]" classname="com.epam.rd.autotasks.figures.QuadrilateralTest" time="0"/>
  <testcase name="testPoints{Quadrilateral, String}[125]" classname="com.epam.rd.autotasks.figures.QuadrilateralTest" time="0"/>
  <testcase name="testPoints{Quadrilateral, String}[126]" classname="com.epam.rd.autotasks.figures.QuadrilateralTest" time="0"/>
  <testcase name="testPoints{Quadrilateral, String}[127]" classname="com.epam.rd.autotasks.figures.QuadrilateralTest" time="0"/>
  <testcase name="testPoints{Quadrilateral, String}[128]" classname="com.epam.rd.autotasks.figures.QuadrilateralTest" time="0"/>
  <testcase name="testPoints{Quadrilateral, String}[129]" classname="com.epam.rd.autotasks.figures.QuadrilateralTest" time="0"/>
  <testcase name="testPoints{Quadrilateral, String}[130]" classname="com.epam.rd.autotasks.figures.QuadrilateralTest" time="0"/>
  <testcase name="testPoints{Quadrilateral, String}[131]" classname="com.epam.rd.autotasks.figures.QuadrilateralTest" time="0"/>
  <testcase name="testPoints{Quadrilateral, String}[132]" classname="com.epam.rd.autotasks.figures.QuadrilateralTest" time="0"/>
  <testcase name="testPoints{Quadrilateral, String}[133]" classname="com.epam.rd.autotasks.figures.QuadrilateralTest" time="0"/>
  <testcase name="testPoints{Quadrilateral, String}[134]" classname="com.epam.rd.autotasks.figures.QuadrilateralTest" time="0"/>
  <testcase name="testPoints{Quadrilateral, String}[135]" classname="com.epam.rd.autotasks.figures.QuadrilateralTest" time="0"/>
  <testcase name="testPoints{Quadrilateral, String}[136]" classname="com.epam.rd.autotasks.figures.QuadrilateralTest" time="0"/>
  <testcase name="testPoints{Quadrilateral, String}[137]" classname="com.epam.rd.autotasks.figures.QuadrilateralTest" time="0"/>
  <testcase name="testPoints{Quadrilateral, String}[138]" classname="com.epam.rd.autotasks.figures.QuadrilateralTest" time="0"/>
  <testcase name="testPoints{Quadrilateral, String}[139]" classname="com.epam.rd.autotasks.figures.QuadrilateralTest" time="0"/>
  <testcase name="testPoints{Quadrilateral, String}[140]" classname="com.epam.rd.autotasks.figures.QuadrilateralTest" time="0"/>
  <testcase name="testPoints{Quadrilateral, String}[141]" classname="com.epam.rd.autotasks.figures.QuadrilateralTest" time="0"/>
  <testcase name="testPoints{Quadrilateral, String}[142]" classname="com.epam.rd.autotasks.figures.QuadrilateralTest" time="0"/>
  <testcase name="testPoints{Quadrilateral, String}[143]" classname="com.epam.rd.autotasks.figures.QuadrilateralTest" time="0"/>
  <testcase name="testPoints{Quadrilateral, String}[144]" classname="com.epam.rd.autotasks.figures.QuadrilateralTest" time="0.016"/>
  <testcase name="testPoints{Quadrilateral, String}[145]" classname="com.epam.rd.autotasks.figures.QuadrilateralTest" time="0"/>
  <testcase name="testPoints{Quadrilateral, String}[146]" classname="com.epam.rd.autotasks.figures.QuadrilateralTest" time="0"/>
  <testcase name="testPoints{Quadrilateral, String}[147]" classname="com.epam.rd.autotasks.figures.QuadrilateralTest" time="0"/>
  <testcase name="testPoints{Quadrilateral, String}[148]" classname="com.epam.rd.autotasks.figures.QuadrilateralTest" time="0"/>
  <testcase name="testPoints{Quadrilateral, String}[149]" classname="com.epam.rd.autotasks.figures.QuadrilateralTest" time="0"/>
  <testcase name="testPoints{Quadrilateral, String}[150]" classname="com.epam.rd.autotasks.figures.QuadrilateralTest" time="0"/>
  <testcase name="testPoints{Quadrilateral, String}[151]" classname="com.epam.rd.autotasks.figures.QuadrilateralTest" time="0"/>
  <testcase name="testPoints{Quadrilateral, String}[152]" classname="com.epam.rd.autotasks.figures.QuadrilateralTest" time="0"/>
  <testcase name="testPoints{Quadrilateral, String}[153]" classname="com.epam.rd.autotasks.figures.QuadrilateralTest" time="0"/>
  <testcase name="testPoints{Quadrilateral, String}[154]" classname="com.epam.rd.autotasks.figures.QuadrilateralTest" time="0"/>
  <testcase name="testPoints{Quadrilateral, String}[155]" classname="com.epam.rd.autotasks.figures.QuadrilateralTest" time="0"/>
  <testcase name="testPoints{Quadrilateral, String}[156]" classname="com.epam.rd.autotasks.figures.QuadrilateralTest" time="0"/>
  <testcase name="testPoints{Quadrilateral, String}[157]" classname="com.epam.rd.autotasks.figures.QuadrilateralTest" time="0"/>
  <testcase name="testPoints{Quadrilateral, String}[158]" classname="com.epam.rd.autotasks.figures.QuadrilateralTest" time="0"/>
  <testcase name="testPoints{Quadrilateral, String}[159]" classname="com.epam.rd.autotasks.figures.QuadrilateralTest" time="0"/>
  <testcase name="testPoints{Quadrilateral, String}[160]" classname="com.epam.rd.autotasks.figures.QuadrilateralTest" time="0"/>
  <testcase name="testPoints{Quadrilateral, String}[161]" classname="com.epam.rd.autotasks.figures.QuadrilateralTest" time="0"/>
  <testcase name="testPoints{Quadrilateral, String}[162]" classname="com.epam.rd.autotasks.figures.QuadrilateralTest" time="0"/>
  <testcase name="testPoints{Quadrilateral, String}[163]" classname="com.epam.rd.autotasks.figures.QuadrilateralTest" time="0"/>
  <testcase name="testPoints{Quadrilateral, String}[164]" classname="com.epam.rd.autotasks.figures.QuadrilateralTest" time="0"/>
  <testcase name="testPoints{Quadrilateral, String}[165]" classname="com.epam.rd.autotasks.figures.QuadrilateralTest" time="0"/>
  <testcase name="testPoints{Quadrilateral, String}[166]" classname="com.epam.rd.autotasks.figures.QuadrilateralTest" time="0"/>
  <testcase name="testPoints{Quadrilateral, String}[167]" classname="com.epam.rd.autotasks.figures.QuadrilateralTest" time="0.016"/>
  <testcase name="testPoints{Quadrilateral, String}[168]" classname="com.epam.rd.autotasks.figures.QuadrilateralTest" time="0"/>
  <testcase name="testPoints{Quadrilateral, String}[169]" classname="com.epam.rd.autotasks.figures.QuadrilateralTest" time="0"/>
  <testcase name="testPoints{Quadrilateral, String}[170]" classname="com.epam.rd.autotasks.figures.QuadrilateralTest" time="0"/>
  <testcase name="testPoints{Quadrilateral, String}[171]" classname="com.epam.rd.autotasks.figures.QuadrilateralTest" time="0"/>
  <testcase name="testPoints{Quadrilateral, String}[172]" classname="com.epam.rd.autotasks.figures.QuadrilateralTest" time="0"/>
  <testcase name="testPoints{Quadrilateral, String}[173]" classname="com.epam.rd.autotasks.figures.QuadrilateralTest" time="0"/>
  <testcase name="testPoints{Quadrilateral, String}[174]" classname="com.epam.rd.autotasks.figures.QuadrilateralTest" time="0"/>
  <testcase name="testPoints{Quadrilateral, String}[175]" classname="com.epam.rd.autotasks.figures.QuadrilateralTest" time="0"/>
  <testcase name="testPoints{Quadrilateral, String}[176]" classname="com.epam.rd.autotasks.figures.QuadrilateralTest" time="0"/>
  <testcase name="testPoints{Quadrilateral, String}[177]" classname="com.epam.rd.autotasks.figures.QuadrilateralTest" time="0"/>
  <testcase name="testPoints{Quadrilateral, String}[178]" classname="com.epam.rd.autotasks.figures.QuadrilateralTest" time="0"/>
  <testcase name="testPoints{Quadrilateral, String}[179]" classname="com.epam.rd.autotasks.figures.QuadrilateralTest" time="0"/>
  <testcase name="testPoints{Quadrilateral, String}[180]" classname="com.epam.rd.autotasks.figures.QuadrilateralTest" time="0"/>
  <testcase name="testPoints{Quadrilateral, String}[181]" classname="com.epam.rd.autotasks.figures.QuadrilateralTest" time="0"/>
  <testcase name="testPoints{Quadrilateral, String}[182]" classname="com.epam.rd.autotasks.figures.QuadrilateralTest" time="0"/>
  <testcase name="testPoints{Quadrilateral, String}[183]" classname="com.epam.rd.autotasks.figures.QuadrilateralTest" time="0"/>
  <testcase name="testPoints{Quadrilateral, String}[184]" classname="com.epam.rd.autotasks.figures.QuadrilateralTest" time="0"/>
  <testcase name="testPoints{Quadrilateral, String}[185]" classname="com.epam.rd.autotasks.figures.QuadrilateralTest" time="0"/>
  <testcase name="testPoints{Quadrilateral, String}[186]" classname="com.epam.rd.autotasks.figures.QuadrilateralTest" time="0"/>
  <testcase name="testPoints{Quadrilateral, String}[187]" classname="com.epam.rd.autotasks.figures.QuadrilateralTest" time="0"/>
  <testcase name="testPoints{Quadrilateral, String}[188]" classname="com.epam.rd.autotasks.figures.QuadrilateralTest" time="0"/>
  <testcase name="testPoints{Quadrilateral, String}[189]" classname="com.epam.rd.autotasks.figures.QuadrilateralTest" time="0"/>
  <testcase name="testPoints{Quadrilateral, String}[190]" classname="com.epam.rd.autotasks.figures.QuadrilateralTest" time="0"/>
  <testcase name="testPoints{Quadrilateral, String}[191]" classname="com.epam.rd.autotasks.figures.QuadrilateralTest" time="0"/>
  <testcase name="testPoints{Quadrilateral, String}[192]" classname="com.epam.rd.autotasks.figures.QuadrilateralTest" time="0"/>
  <testcase name="testPoints{Quadrilateral, String}[193]" classname="com.epam.rd.autotasks.figures.QuadrilateralTest" time="0"/>
  <testcase name="testPoints{Quadrilateral, String}[194]" classname="com.epam.rd.autotasks.figures.QuadrilateralTest" time="0"/>
  <testcase name="testPoints{Quadrilateral, String}[195]" classname="com.epam.rd.autotasks.figures.QuadrilateralTest" time="0.016"/>
  <testcase name="testPoints{Quadrilateral, String}[196]" classname="com.epam.rd.autotasks.figures.QuadrilateralTest" time="0"/>
  <testcase name="testPoints{Quadrilateral, String}[197]" classname="com.epam.rd.autotasks.figures.QuadrilateralTest" time="0"/>
  <testcase name="testPoints{Quadrilateral, String}[198]" classname="com.epam.rd.autotasks.figures.QuadrilateralTest" time="0"/>
  <testcase name="testPoints{Quadrilateral, String}[199]" classname="com.epam.rd.autotasks.figures.QuadrilateralTest" time="0"/>
  <testcase name="testPoints{Quadrilateral, String}[200]" classname="com.epam.rd.autotasks.figures.QuadrilateralTest" time="0"/>
  <testcase name="testPoints{Quadrilateral, String}[201]" classname="com.epam.rd.autotasks.figures.QuadrilateralTest" time="0"/>
  <testcase name="testPoints{Quadrilateral, String}[202]" classname="com.epam.rd.autotasks.figures.QuadrilateralTest" time="0"/>
  <testcase name="testPoints{Quadrilateral, String}[203]" classname="com.epam.rd.autotasks.figures.QuadrilateralTest" time="0"/>
  <testcase name="testPoints{Quadrilateral, String}[204]" classname="com.epam.rd.autotasks.figures.QuadrilateralTest" time="0"/>
  <testcase name="testPoints{Quadrilateral, String}[205]" classname="com.epam.rd.autotasks.figures.QuadrilateralTest" time="0"/>
  <testcase name="testPoints{Quadrilateral, String}[206]" classname="com.epam.rd.autotasks.figures.QuadrilateralTest" time="0"/>
  <testcase name="testPoints{Quadrilateral, String}[207]" classname="com.epam.rd.autotasks.figures.QuadrilateralTest" time="0"/>
  <testcase name="testPoints{Quadrilateral, String}[208]" classname="com.epam.rd.autotasks.figures.QuadrilateralTest" time="0"/>
  <testcase name="testPoints{Quadrilateral, String}[209]" classname="com.epam.rd.autotasks.figures.QuadrilateralTest" time="0"/>
  <testcase name="testPoints{Quadrilateral, String}[210]" classname="com.epam.rd.autotasks.figures.QuadrilateralTest" time="0"/>
  <testcase name="testPoints{Quadrilateral, String}[211]" classname="com.epam.rd.autotasks.figures.QuadrilateralTest" time="0"/>
  <testcase name="testPoints{Quadrilateral, String}[212]" classname="com.epam.rd.autotasks.figures.QuadrilateralTest" time="0"/>
  <testcase name="testPoints{Quadrilateral, String}[213]" classname="com.epam.rd.autotasks.figures.QuadrilateralTest" time="0"/>
  <testcase name="testPoints{Quadrilateral, String}[214]" classname="com.epam.rd.autotasks.figures.QuadrilateralTest" time="0"/>
  <testcase name="testPoints{Quadrilateral, String}[215]" classname="com.epam.rd.autotasks.figures.QuadrilateralTest" time="0"/>
  <testcase name="testPoints{Quadrilateral, String}[216]" classname="com.epam.rd.autotasks.figures.QuadrilateralTest" time="0"/>
  <testcase name="testPoints{Quadrilateral, String}[217]" classname="com.epam.rd.autotasks.figures.QuadrilateralTest" time="0"/>
  <testcase name="testPoints{Quadrilateral, String}[218]" classname="com.epam.rd.autotasks.figures.QuadrilateralTest" time="0"/>
  <testcase name="testPoints{Quadrilateral, String}[219]" classname="com.epam.rd.autotasks.figures.QuadrilateralTest" time="0"/>
  <testcase name="testPoints{Quadrilateral, String}[220]" classname="com.epam.rd.autotasks.figures.QuadrilateralTest" time="0"/>
  <testcase name="testPoints{Quadrilateral, String}[221]" classname="com.epam.rd.autotasks.figures.QuadrilateralTest" time="0"/>
  <testcase name="testPoints{Quadrilateral, String}[222]" classname="com.epam.rd.autotasks.figures.QuadrilateralTest" time="0"/>
  <testcase name="testPoints{Quadrilateral, String}[223]" classname="com.epam.rd.autotasks.figures.QuadrilateralTest" time="0"/>
  <testcase name="testPoints{Quadrilateral, String}[224]" classname="com.epam.rd.autotasks.figures.QuadrilateralTest" time="0"/>
  <testcase name="testPoints{Quadrilateral, String}[225]" classname="com.epam.rd.autotasks.figures.QuadrilateralTest" time="0"/>
  <testcase name="testPoints{Quadrilateral, String}[226]" classname="com.epam.rd.autotasks.figures.QuadrilateralTest" time="0"/>
  <testcase name="testPoints{Quadrilateral, String}[227]" classname="com.epam.rd.autotasks.figures.QuadrilateralTest" time="0"/>
  <testcase name="testPoints{Quadrilateral, String}[228]" classname="com.epam.rd.autotasks.figures.QuadrilateralTest" time="0"/>
  <testcase name="testPoints{Quadrilateral, String}[229]" classname="com.epam.rd.autotasks.figures.QuadrilateralTest" time="0"/>
  <testcase name="testPoints{Quadrilateral, String}[230]" classname="com.epam.rd.autotasks.figures.QuadrilateralTest" time="0"/>
  <testcase name="testPoints{Quadrilateral, String}[231]" classname="com.epam.rd.autotasks.figures.QuadrilateralTest" time="0"/>
  <testcase name="testPoints{Quadrilateral, String}[232]" classname="com.epam.rd.autotasks.figures.QuadrilateralTest" time="0"/>
  <testcase name="testPoints{Quadrilateral, String}[233]" classname="com.epam.rd.autotasks.figures.QuadrilateralTest" time="0"/>
  <testcase name="testPoints{Quadrilateral, String}[234]" classname="com.epam.rd.autotasks.figures.QuadrilateralTest" time="0"/>
  <testcase name="testPoints{Quadrilateral, String}[235]" classname="com.epam.rd.autotasks.figures.QuadrilateralTest" time="0"/>
  <testcase name="testPoints{Quadrilateral, String}[236]" classname="com.epam.rd.autotasks.figures.QuadrilateralTest" time="0"/>
  <testcase name="testPoints{Quadrilateral, String}[237]" classname="com.epam.rd.autotasks.figures.QuadrilateralTest" time="0"/>
  <testcase name="testPoints{Quadrilateral, String}[238]" classname="com.epam.rd.autotasks.figures.QuadrilateralTest" time="0"/>
  <testcase name="testPoints{Quadrilateral, String}[239]" classname="com.epam.rd.autotasks.figures.QuadrilateralTest" time="0"/>
  <testcase name="testPoints{Quadrilateral, String}[240]" classname="com.epam.rd.autotasks.figures.QuadrilateralTest" time="0"/>
  <testcase name="testPoints{Quadrilateral, String}[241]" classname="com.epam.rd.autotasks.figures.QuadrilateralTest" time="0"/>
  <testcase name="testPoints{Quadrilateral, String}[242]" classname="com.epam.rd.autotasks.figures.QuadrilateralTest" time="0"/>
  <testcase name="testPoints{Quadrilateral, String}[243]" classname="com.epam.rd.autotasks.figures.QuadrilateralTest" time="0"/>
  <testcase name="testPoints{Quadrilateral, String}[244]" classname="com.epam.rd.autotasks.figures.QuadrilateralTest" time="0"/>
  <testcase name="testPoints{Quadrilateral, String}[245]" classname="com.epam.rd.autotasks.figures.QuadrilateralTest" time="0"/>
  <testcase name="testPoints{Quadrilateral, String}[246]" classname="com.epam.rd.autotasks.figures.QuadrilateralTest" time="0"/>
  <testcase name="testPoints{Quadrilateral, String}[247]" classname="com.epam.rd.autotasks.figures.QuadrilateralTest" time="0"/>
  <testcase name="testPoints{Quadrilateral, String}[248]" classname="com.epam.rd.autotasks.figures.QuadrilateralTest" time="0"/>
  <testcase name="testPoints{Quadrilateral, String}[249]" classname="com.epam.rd.autotasks.figures.QuadrilateralTest" time="0"/>
  <testcase name="testPoints{Quadrilateral, String}[250]" classname="com.epam.rd.autotasks.figures.QuadrilateralTest" time="0"/>
  <testcase name="testPoints{Quadrilateral, String}[251]" classname="com.epam.rd.autotasks.figures.QuadrilateralTest" time="0"/>
  <testcase name="testPoints{Quadrilateral, String}[252]" classname="com.epam.rd.autotasks.figures.QuadrilateralTest" time="0"/>
  <testcase name="testPoints{Quadrilateral, String}[253]" classname="com.epam.rd.autotasks.figures.QuadrilateralTest" time="0"/>
  <testcase name="testPoints{Quadrilateral, String}[254]" classname="com.epam.rd.autotasks.figures.QuadrilateralTest" time="0"/>
  <testcase name="testPoints{Quadrilateral, String}[255]" classname="com.epam.rd.autotasks.figures.QuadrilateralTest" time="0"/>
  <testcase name="testPoints{Quadrilateral, String}[256]" classname="com.epam.rd.autotasks.figures.QuadrilateralTest" time="0"/>
  <testcase name="testConstructor" classname="com.epam.rd.autotasks.figures.QuadrilateralTest" time="0"/>
</testsuite>