<?xml version="1.0" encoding="UTF-8"?>
<testsuite xmlns:xsi="http://www.w3.org/2001/XMLSchema-instance" xsi:noNamespaceSchemaLocation="https://maven.apache.org/surefire/maven-surefire-plugin/xsd/surefire-test-report.xsd" name="com.epam.rd.autotasks.meetstrangers.HelloStrangersTest" time="0.255" tests="10" errors="0" skipped="0" failures="0">
  <properties>
[...]
</properties>
  <testcase name="zeroInputTest" classname="com.epam.rd.autotasks.meetstrangers.HelloStrangersTest" time="0.061"/>
  <testcase name="anyNamesTest{List}[1]" classname="com.epam.rd.autotasks.meetstrangers.HelloStrangersTest" time="0.058"/>
  <testcase name="anyNamesTest{List}[2]" classname="com.epam.rd.autotasks.meetstrangers.HelloStrangersTest" time="0.003"/>
  <testcase name="anyNamesTest{List}[3]" classname="com.epam.rd.autotasks.meetstrangers.HelloStrangersTest" time="0.004"/>
  <testcase name="anyNamesTest{List}[4]" classname="com.epam.rd.autotasks.meetstrangers.HelloStrangersTest" time="0.005"/>
  <testcase name="anyNamesTest{List}[5]" classname="com.epam.rd.autotasks.meetstrangers.HelloStrangersTest" time="0.004"/>
  <testcase name="anyNamesTest{List}[6]" classname="com.epam.rd.autotasks.meetstrangers.HelloStrangersTest" time="0.015"/>
  <testcase name="anyNamesTest{List}[7]" classname="com.epam.rd.autotasks.meetstrangers.HelloStrangersTest" time="0.005"/>
  <testcase name="anyNamesTest{List}[8]" classname="com.epam.rd.autotasks.meetstrangers.HelloStrangersTest" time="0.007"/>
  <testcase name="negInputTest" classname="com.epam.rd.autotasks.meetstrangers.HelloStrangersTest" time="0.002"/>
</testsuite>